<?xml version="1.0" encoding="UTF-8"?>
<coverage generated="1771998705716" clover="3.2.0">
  <project timestamp="1771998705716" name="All files">
    <metrics statements="320" coveredstatements="309" conditionals="111" coveredconditionals="97" methods="109" coveredmethods="104" elements="540" coveredelements="510" complexity="0" loc="320" ncloc="320" packages="6" files="14" classes="14"/>
    <package name="src">
      <metrics statements="101" coveredstatements="98" conditionals="12" coveredconditionals="6" methods="26" coveredmethods="24"/>
      <file name="app.js" path="/Users/chrislee/Git/chustard/server/src/app.js">
        <metrics statements="101" coveredstatements="98" conditionals="12" coveredconditionals="6" methods="26" coveredmethods="24"/>
        <line num="1" count="2" type="stmt"/>
        <line num="2" count="2" type="stmt"/>
        <line num="3" count="2" type="stmt"/>
        <line num="4" count="2" type="stmt"/>
        <line num="5" count="2" type="stmt"/>
        <line num="6" count="2" type="stmt"/>
        <line num="7" count="2" type="stmt"/>
        <line num="8" count="2" type="stmt"/>
        <line num="9" count="2" type="stmt"/>
        <line num="10" count="2" type="stmt"/>
        <line num="11" count="2" type="stmt"/>
        <line num="12" count="2" type="stmt"/>
        <line num="13" count="2" type="stmt"/>
        <line num="14" count="2" type="stmt"/>
        <line num="17" count="38" type="stmt"/>
        <line num="18" count="38" type="stmt"/>
        <line num="19" count="38" type="stmt"/>
        <line num="21" count="38" type="stmt"/>
        <line num="22" count="38" type="stmt"/>
        <line num="23" count="38" type="stmt"/>
        <line num="24" count="38" type="stmt"/>
        <line num="25" count="38" type="stmt"/>
        <line num="26" count="38" type="stmt"/>
        <line num="27" count="38" type="stmt"/>
        <line num="28" count="38" type="stmt"/>
        <line num="29" count="38" type="stmt"/>
        <line num="30" count="38" type="stmt"/>
        <line num="31" count="38" type="stmt"/>
        <line num="33" count="38" type="stmt"/>
        <line num="34" count="12" type="stmt"/>
        <line num="35" count="12" type="cond" truecount="1" falsecount="1"/>
        <line num="36" count="12" type="stmt"/>
        <line num="40" count="38" type="stmt"/>
        <line num="41" count="3" type="stmt"/>
        <line num="42" count="1" type="stmt"/>
        <line num="44" count="38" type="stmt"/>
        <line num="45" count="2" type="stmt"/>
        <line num="46" count="0" type="stmt"/>
        <line num="48" count="38" type="stmt"/>
        <line num="49" count="2" type="stmt"/>
        <line num="50" count="2" type="stmt"/>
        <line num="51" count="2" type="stmt"/>
        <line num="52" count="1" type="stmt"/>
        <line num="56" count="38" type="stmt"/>
        <line num="57" count="2" type="stmt"/>
        <line num="59" count="38" type="stmt"/>
        <line num="60" count="1" type="stmt"/>
        <line num="61" count="0" type="stmt"/>
        <line num="63" count="38" type="stmt"/>
        <line num="64" count="1" type="stmt"/>
        <line num="66" count="38" type="stmt"/>
        <line num="67" count="2" type="stmt"/>
        <line num="68" count="1" type="stmt"/>
        <line num="70" count="38" type="stmt"/>
        <line num="71" count="2" type="stmt"/>
        <line num="72" count="1" type="stmt"/>
        <line num="74" count="38" type="stmt"/>
        <line num="75" count="1" type="stmt"/>
        <line num="77" count="38" type="stmt"/>
        <line num="78" count="1" type="stmt"/>
        <line num="80" count="38" type="stmt"/>
        <line num="81" count="2" type="stmt"/>
        <line num="82" count="1" type="stmt"/>
        <line num="84" count="38" type="stmt"/>
        <line num="85" count="2" type="stmt"/>
        <line num="86" count="1" type="stmt"/>
        <line num="88" count="38" type="stmt"/>
        <line num="89" count="0" type="stmt"/>
        <line num="93" count="38" type="stmt"/>
        <line num="94" count="7" type="stmt"/>
        <line num="95" count="1" type="stmt"/>
        <line num="97" count="38" type="stmt"/>
        <line num="98" count="2" type="stmt"/>
        <line num="100" count="38" type="stmt"/>
        <line num="101" count="2" type="cond" truecount="1" falsecount="1"/>
        <line num="103" count="38" type="stmt"/>
        <line num="104" count="5" type="stmt"/>
        <line num="105" count="2" type="stmt"/>
        <line num="107" count="38" type="stmt"/>
        <line num="108" count="2" type="stmt"/>
        <line num="109" count="1" type="stmt"/>
        <line num="111" count="38" type="stmt"/>
        <line num="112" count="2" type="stmt"/>
        <line num="116" count="38" type="stmt"/>
        <line num="117" count="2" type="cond" truecount="1" falsecount="1"/>
        <line num="118" count="1" type="stmt"/>
        <line num="120" count="38" type="stmt"/>
        <line num="121" count="1" type="cond" truecount="1" falsecount="1"/>
        <line num="123" count="38" type="stmt"/>
        <line num="124" count="3" type="stmt"/>
        <line num="125" count="1" type="stmt"/>
        <line num="129" count="38" type="stmt"/>
        <line num="130" count="1" type="stmt"/>
        <line num="131" count="1" type="stmt"/>
        <line num="132" count="1" type="stmt"/>
        <line num="133" count="1" type="cond" truecount="2" falsecount="2"/>
        <line num="134" count="1" type="stmt"/>
        <line num="135" count="1" type="stmt"/>
        <line num="136" count="1" type="stmt"/>
        <line num="139" count="38" type="stmt"/>
        <line num="142" count="2" type="stmt"/>
      </file>
    </package>
    <package name="src.db">
      <metrics statements="17" coveredstatements="9" conditionals="6" coveredconditionals="0" methods="3" coveredmethods="1"/>
      <file name="index.js" path="/Users/chrislee/Git/chustard/server/src/db/index.js">
        <metrics statements="17" coveredstatements="9" conditionals="6" coveredconditionals="0" methods="3" coveredmethods="1"/>
        <line num="1" count="13" type="stmt"/>
        <line num="2" count="13" type="stmt"/>
        <line num="3" count="13" type="stmt"/>
        <line num="8" count="0" type="cond" truecount="0" falsecount="2"/>
        <line num="9" count="0" type="cond" truecount="0" falsecount="2"/>
        <line num="10" count="0" type="stmt"/>
        <line num="11" count="0" type="stmt"/>
        <line num="12" count="0" type="stmt"/>
        <line num="13" count="0" type="stmt"/>
        <line num="15" count="0" type="stmt"/>
        <line num="19" count="0" type="cond" truecount="0" falsecount="2"/>
        <line num="23" count="112" type="stmt"/>
        <line num="24" count="112" type="stmt"/>
        <line num="25" count="112" type="stmt"/>
        <line num="26" count="112" type="stmt"/>
        <line num="27" count="112" type="stmt"/>
        <line num="30" count="13" type="stmt"/>
      </file>
    </package>
    <package name="src.middleware">
      <metrics statements="13" coveredstatements="13" conditionals="8" coveredconditionals="8" methods="2" coveredmethods="2"/>
      <file name="auth.js" path="/Users/chrislee/Git/chustard/server/src/middleware/auth.js">
        <metrics statements="13" coveredstatements="13" conditionals="8" coveredconditionals="8" methods="2" coveredmethods="2"/>
        <line num="1" count="4" type="stmt"/>
        <line num="2" count="4" type="cond" truecount="2" falsecount="0"/>
        <line num="5" count="727" type="stmt"/>
        <line num="6" count="47" type="stmt"/>
        <line num="7" count="47" type="cond" truecount="2" falsecount="0"/>
        <line num="8" count="44" type="stmt"/>
        <line num="9" count="44" type="stmt"/>
        <line num="10" count="43" type="cond" truecount="4" falsecount="0"/>
        <line num="11" count="2" type="stmt"/>
        <line num="13" count="41" type="stmt"/>
        <line num="14" count="41" type="stmt"/>
        <line num="16" count="1" type="stmt"/>
        <line num="21" count="4" type="stmt"/>
      </file>
    </package>
    <package name="src.repositories">
      <metrics statements="87" coveredstatements="87" conditionals="31" coveredconditionals="30" methods="43" coveredmethods="43"/>
      <file name="AdminRepository.js" path="/Users/chrislee/Git/chustard/server/src/repositories/AdminRepository.js">
        <metrics statements="4" coveredstatements="4" conditionals="2" coveredconditionals="2" methods="3" coveredmethods="3"/>
        <line num="2" count="54" type="stmt"/>
        <line num="5" count="17" type="cond" truecount="2" falsecount="0"/>
        <line num="9" count="13" type="stmt"/>
        <line num="12" count="4" type="stmt"/>
      </file>
      <file name="CategoryRepository.js" path="/Users/chrislee/Git/chustard/server/src/repositories/CategoryRepository.js">
        <metrics statements="16" coveredstatements="16" conditionals="4" coveredconditionals="4" methods="9" coveredmethods="9"/>
        <line num="1" count="4" type="stmt"/>
        <line num="4" count="56" type="stmt"/>
        <line num="7" count="2" type="stmt"/>
        <line num="11" count="17" type="cond" truecount="2" falsecount="0"/>
        <line num="15" count="11" type="stmt"/>
        <line num="16" count="11" type="cond" truecount="2" falsecount="0"/>
        <line num="17" count="11" type="stmt"/>
        <line num="18" count="11" type="stmt"/>
        <line num="22" count="2" type="stmt"/>
        <line num="23" count="2" type="stmt"/>
        <line num="27" count="3" type="stmt"/>
        <line num="31" count="3" type="stmt"/>
        <line num="32" count="5" type="stmt"/>
        <line num="33" count="3" type="stmt"/>
        <line num="37" count="5" type="stmt"/>
        <line num="40" count="4" type="stmt"/>
      </file>
      <file name="MenuRepository.js" path="/Users/chrislee/Git/chustard/server/src/repositories/MenuRepository.js">
        <metrics statements="20" coveredstatements="20" conditionals="15" coveredconditionals="14" methods="10" coveredmethods="10"/>
        <line num="1" count="5" type="stmt"/>
        <line num="4" count="72" type="stmt"/>
        <line num="7" count="9" type="stmt"/>
        <line num="8" count="9" type="stmt"/>
        <line num="15" count="49" type="cond" truecount="2" falsecount="0"/>
        <line num="19" count="15" type="stmt"/>
        <line num="20" count="15" type="cond" truecount="4" falsecount="0"/>
        <line num="21" count="15" type="stmt"/>
        <line num="22" count="15" type="stmt"/>
        <line num="26" count="4" type="stmt"/>
        <line num="27" count="4" type="cond" truecount="6" falsecount="1"/>
        <line num="28" count="4" type="stmt"/>
        <line num="29" count="4" type="stmt"/>
        <line num="33" count="3" type="stmt"/>
        <line num="37" count="3" type="stmt"/>
        <line num="38" count="5" type="stmt"/>
        <line num="39" count="3" type="stmt"/>
        <line num="43" count="9" type="stmt"/>
        <line num="44" count="9" type="cond" truecount="2" falsecount="0"/>
        <line num="47" count="5" type="stmt"/>
      </file>
      <file name="OrderHistoryRepository.js" path="/Users/chrislee/Git/chustard/server/src/repositories/OrderHistoryRepository.js">
        <metrics statements="12" coveredstatements="12" conditionals="4" coveredconditionals="4" methods="3" coveredmethods="3"/>
        <line num="1" count="5" type="stmt"/>
        <line num="4" count="47" type="stmt"/>
        <line num="7" count="9" type="stmt"/>
        <line num="8" count="9" type="stmt"/>
        <line num="9" count="9" type="stmt"/>
        <line num="13" count="7" type="stmt"/>
        <line num="14" count="7" type="stmt"/>
        <line num="15" count="7" type="cond" truecount="2" falsecount="0"/>
        <line num="16" count="7" type="cond" truecount="2" falsecount="0"/>
        <line num="17" count="7" type="stmt"/>
        <line num="18" count="7" type="stmt"/>
        <line num="21" count="5" type="stmt"/>
      </file>
      <file name="OrderRepository.js" path="/Users/chrislee/Git/chustard/server/src/repositories/OrderRepository.js">
        <metrics statements="25" coveredstatements="25" conditionals="2" coveredconditionals="2" methods="12" coveredmethods="12"/>
        <line num="1" count="5" type="stmt"/>
        <line num="4" count="62" type="stmt"/>
        <line num="7" count="21" type="stmt"/>
        <line num="8" count="21" type="stmt"/>
        <line num="9" count="21" type="stmt"/>
        <line num="10" count="22" type="stmt"/>
        <line num="11" count="21" type="stmt"/>
        <line num="15" count="36" type="stmt"/>
        <line num="16" count="36" type="cond" truecount="2" falsecount="0"/>
        <line num="17" count="32" type="stmt"/>
        <line num="18" count="32" type="stmt"/>
        <line num="22" count="6" type="stmt"/>
        <line num="23" count="6" type="stmt"/>
        <line num="27" count="3" type="stmt"/>
        <line num="28" count="3" type="stmt"/>
        <line num="29" count="3" type="stmt"/>
        <line num="30" count="3" type="stmt"/>
        <line num="31" count="3" type="stmt"/>
        <line num="32" count="3" type="stmt"/>
        <line num="37" count="6" type="stmt"/>
        <line num="41" count="4" type="stmt"/>
        <line num="45" count="4" type="stmt"/>
        <line num="46" count="4" type="stmt"/>
        <line num="47" count="4" type="stmt"/>
        <line num="50" count="5" type="stmt"/>
      </file>
      <file name="TableRepository.js" path="/Users/chrislee/Git/chustard/server/src/repositories/TableRepository.js">
        <metrics statements="10" coveredstatements="10" conditionals="4" coveredconditionals="4" methods="6" coveredmethods="6"/>
        <line num="1" count="6" type="stmt"/>
        <line num="4" count="72" type="stmt"/>
        <line num="7" count="13" type="cond" truecount="2" falsecount="0"/>
        <line num="11" count="38" type="cond" truecount="2" falsecount="0"/>
        <line num="15" count="2" type="stmt"/>
        <line num="19" count="9" type="stmt"/>
        <line num="20" count="9" type="stmt"/>
        <line num="21" count="9" type="stmt"/>
        <line num="25" count="8" type="stmt"/>
        <line num="28" count="6" type="stmt"/>
      </file>
    </package>
    <package name="src.services">
      <metrics statements="93" coveredstatements="93" conditionals="46" coveredconditionals="45" methods="30" coveredmethods="30"/>
      <file name="AuthService.js" path="/Users/chrislee/Git/chustard/server/src/services/AuthService.js">
        <metrics statements="30" coveredstatements="30" conditionals="20" coveredconditionals="20" methods="4" coveredmethods="4"/>
        <line num="1" count="3" type="stmt"/>
        <line num="2" count="3" type="stmt"/>
        <line num="3" count="3" type="stmt"/>
        <line num="4" count="3" type="stmt"/>
        <line num="7" count="51" type="stmt"/>
        <line num="10" count="15" type="stmt"/>
        <line num="11" count="15" type="cond" truecount="2" falsecount="0"/>
        <line num="12" count="13" type="cond" truecount="4" falsecount="0"/>
        <line num="13" count="12" type="cond" truecount="2" falsecount="0"/>
        <line num="14" count="8" type="stmt"/>
        <line num="15" count="8" type="cond" truecount="2" falsecount="0"/>
        <line num="16" count="8" type="stmt"/>
        <line num="17" count="8" type="cond" truecount="2" falsecount="0"/>
        <line num="18" count="7" type="stmt"/>
        <line num="20" count="4" type="stmt"/>
        <line num="21" count="4" type="stmt"/>
        <line num="22" count="4" type="stmt"/>
        <line num="26" count="6" type="stmt"/>
        <line num="27" count="6" type="cond" truecount="4" falsecount="0"/>
        <line num="28" count="4" type="stmt"/>
        <line num="29" count="4" type="cond" truecount="2" falsecount="0"/>
        <line num="30" count="2" type="stmt"/>
        <line num="31" count="2" type="stmt"/>
        <line num="33" count="4" type="stmt"/>
        <line num="34" count="4" type="stmt"/>
        <line num="38" count="4" type="stmt"/>
        <line num="39" count="4" type="stmt"/>
        <line num="40" count="2" type="cond" truecount="2" falsecount="0"/>
        <line num="41" count="2" type="stmt"/>
        <line num="44" count="3" type="stmt"/>
      </file>
      <file name="MenuService.js" path="/Users/chrislee/Git/chustard/server/src/services/MenuService.js">
        <metrics statements="16" coveredstatements="16" conditionals="8" coveredconditionals="8" methods="12" coveredmethods="12"/>
        <line num="2" count="50" type="stmt"/>
        <line num="4" count="7" type="stmt"/>
        <line num="7" count="7" type="stmt"/>
        <line num="8" count="7" type="stmt"/>
        <line num="12" count="4" type="cond" truecount="2" falsecount="0"/>
        <line num="13" count="2" type="stmt"/>
        <line num="17" count="4" type="cond" truecount="2" falsecount="0"/>
        <line num="18" count="2" type="stmt"/>
        <line num="22" count="3" type="stmt"/>
        <line num="25" count="3" type="stmt"/>
        <line num="28" count="3" type="cond" truecount="2" falsecount="0"/>
        <line num="29" count="1" type="stmt"/>
        <line num="33" count="4" type="cond" truecount="2" falsecount="0"/>
        <line num="34" count="2" type="stmt"/>
        <line num="38" count="3" type="stmt"/>
        <line num="41" count="3" type="stmt"/>
      </file>
      <file name="OrderService.js" path="/Users/chrislee/Git/chustard/server/src/services/OrderService.js">
        <metrics statements="31" coveredstatements="31" conditionals="14" coveredconditionals="13" methods="9" coveredmethods="9"/>
        <line num="1" count="3" type="stmt"/>
        <line num="5" count="51" type="stmt"/>
        <line num="6" count="51" type="stmt"/>
        <line num="7" count="51" type="stmt"/>
        <line num="11" count="16" type="stmt"/>
        <line num="12" count="16" type="cond" truecount="2" falsecount="0"/>
        <line num="13" count="15" type="stmt"/>
        <line num="14" count="16" type="stmt"/>
        <line num="15" count="16" type="cond" truecount="2" falsecount="0"/>
        <line num="16" count="14" type="stmt"/>
        <line num="18" count="14" type="stmt"/>
        <line num="19" count="13" type="stmt"/>
        <line num="20" count="13" type="cond" truecount="2" falsecount="0"/>
        <line num="21" count="13" type="stmt"/>
        <line num="22" count="13" type="stmt"/>
        <line num="25" count="2" type="stmt"/>
        <line num="27" count="2" type="stmt"/>
        <line num="30" count="9" type="stmt"/>
        <line num="31" count="9" type="cond" truecount="2" falsecount="0"/>
        <line num="32" count="7" type="cond" truecount="2" falsecount="0"/>
        <line num="33" count="5" type="stmt"/>
        <line num="34" count="5" type="stmt"/>
        <line num="35" count="5" type="stmt"/>
        <line num="36" count="5" type="stmt"/>
        <line num="40" count="4" type="stmt"/>
        <line num="41" count="4" type="cond" truecount="2" falsecount="0"/>
        <line num="42" count="2" type="stmt"/>
        <line num="43" count="2" type="stmt"/>
        <line num="44" count="2" type="stmt"/>
        <line num="48" count="3" type="cond" truecount="1" falsecount="1"/>
        <line num="51" count="3" type="stmt"/>
      </file>
      <file name="TableService.js" path="/Users/chrislee/Git/chustard/server/src/services/TableService.js">
        <metrics statements="16" coveredstatements="16" conditionals="4" coveredconditionals="4" methods="5" coveredmethods="5"/>
        <line num="1" count="3" type="stmt"/>
        <line num="5" count="42" type="stmt"/>
        <line num="6" count="42" type="stmt"/>
        <line num="10" count="6" type="cond" truecount="2" falsecount="0"/>
        <line num="11" count="4" type="stmt"/>
        <line num="12" count="4" type="stmt"/>
        <line num="15" count="1" type="stmt"/>
        <line num="18" count="5" type="stmt"/>
        <line num="19" count="5" type="cond" truecount="2" falsecount="0"/>
        <line num="20" count="3" type="stmt"/>
        <line num="21" count="3" type="stmt"/>
        <line num="22" count="3" type="stmt"/>
        <line num="26" count="3" type="stmt"/>
        <line num="27" count="3" type="stmt"/>
        <line num="28" count="3" type="stmt"/>
        <line num="31" count="3" type="stmt"/>
      </file>
    </package>
    <package name="src.sse">
      <metrics statements="9" coveredstatements="9" conditionals="8" coveredconditionals="8" methods="5" coveredmethods="4"/>
      <file name="SSEService.js" path="/Users/chrislee/Git/chustard/server/src/sse/SSEService.js">
        <metrics statements="9" coveredstatements="9" conditionals="8" coveredconditionals="8" methods="5" coveredmethods="4"/>
        <line num="2" count="56" type="stmt"/>
        <line num="5" count="5" type="stmt"/>
        <line num="6" count="5" type="stmt"/>
        <line num="9" count="1" type="stmt"/>
        <line num="12" count="13" type="stmt"/>
        <line num="13" count="13" type="stmt"/>
        <line num="14" count="3" type="cond" truecount="4" falsecount="0"/>
        <line num="15" count="2" type="cond" truecount="4" falsecount="0"/>
        <line num="19" count="5" type="stmt"/>
      </file>
    </package>
  </project>
</coverage>
