{"/Users/chrislee/Git/chustard/server/src/app.js": {"path":"/Users/chrislee/Git/chustard/server/src/app.js","statementMap":{"0":{"start":{"line":1,"column":16},"end":{"line":1,"column":34}},"1":{"start":{"line":2,"column":13},"end":{"line":2,"column":28}},"2":{"start":{"line":3,"column":27},"end":{"line":3,"column":55}},"3":{"start":{"line":4,"column":24},"end":{"line":4,"column":65}},"4":{"start":{"line":5,"column":24},"end":{"line":5,"column":65}},"5":{"start":{"line":6,"column":27},"end":{"line":6,"column":71}},"6":{"start":{"line":7,"column":23},"end":{"line":7,"column":63}},"7":{"start":{"line":8,"column":24},"end":{"line":8,"column":65}},"8":{"start":{"line":9,"column":31},"end":{"line":9,"column":79}},"9":{"start":{"line":10,"column":20},"end":{"line":10,"column":53}},"10":{"start":{"line":11,"column":20},"end":{"line":11,"column":53}},"11":{"start":{"line":12,"column":21},"end":{"line":12,"column":55}},"12":{"start":{"line":13,"column":21},"end":{"line":13,"column":55}},"13":{"start":{"line":14,"column":19},"end":{"line":14,"column":46}},"14":{"start":{"line":17,"column":14},"end":{"line":17,"column":23}},"15":{"start":{"line":18,"column":2},"end":{"line":18,"column":18}},"16":{"start":{"line":19,"column":2},"end":{"line":19,"column":26}},"17":{"start":{"line":21,"column":20},"end":{"line":21,"column":43}},"18":{"start":{"line":22,"column":20},"end":{"line":22,"column":43}},"19":{"start":{"line":23,"column":23},"end":{"line":23,"column":49}},"20":{"start":{"line":24,"column":19},"end":{"line":24,"column":41}},"21":{"start":{"line":25,"column":20},"end":{"line":25,"column":43}},"22":{"start":{"line":26,"column":27},"end":{"line":26,"column":57}},"23":{"start":{"line":27,"column":21},"end":{"line":27,"column":37}},"24":{"start":{"line":28,"column":22},"end":{"line":28,"column":59}},"25":{"start":{"line":29,"column":22},"end":{"line":29,"column":61}},"26":{"start":{"line":30,"column":23},"end":{"line":30,"column":101}},"27":{"start":{"line":31,"column":23},"end":{"line":31,"column":91}},"28":{"start":{"line":33,"column":14},"end":{"line":37,"column":3}},"29":{"start":{"line":34,"column":16},"end":{"line":34,"column":111}},"30":{"start":{"line":35,"column":19},"end":{"line":35,"column":40}},"31":{"start":{"line":36,"column":4},"end":{"line":36,"column":80}},"32":{"start":{"line":40,"column":2},"end":{"line":43,"column":5}},"33":{"start":{"line":41,"column":4},"end":{"line":42,"column":30}},"34":{"start":{"line":41,"column":10},"end":{"line":41,"column":99}},"35":{"start":{"line":42,"column":16},"end":{"line":42,"column":28}},"36":{"start":{"line":44,"column":2},"end":{"line":47,"column":5}},"37":{"start":{"line":45,"column":4},"end":{"line":46,"column":30}},"38":{"start":{"line":45,"column":10},"end":{"line":45,"column":102}},"39":{"start":{"line":46,"column":16},"end":{"line":46,"column":28}},"40":{"start":{"line":48,"column":2},"end":{"line":53,"column":5}},"41":{"start":{"line":49,"column":4},"end":{"line":52,"column":32}},"42":{"start":{"line":50,"column":20},"end":{"line":50,"column":69}},"43":{"start":{"line":51,"column":6},"end":{"line":51,"column":47}},"44":{"start":{"line":52,"column":18},"end":{"line":52,"column":30}},"45":{"start":{"line":56,"column":2},"end":{"line":58,"column":5}},"46":{"start":{"line":57,"column":4},"end":{"line":57,"column":70}},"47":{"start":{"line":59,"column":2},"end":{"line":62,"column":5}},"48":{"start":{"line":60,"column":4},"end":{"line":61,"column":30}},"49":{"start":{"line":60,"column":10},"end":{"line":60,"column":75}},"50":{"start":{"line":61,"column":16},"end":{"line":61,"column":28}},"51":{"start":{"line":63,"column":2},"end":{"line":65,"column":5}},"52":{"start":{"line":64,"column":4},"end":{"line":64,"column":47}},"53":{"start":{"line":64,"column":48},"end":{"line":64,"column":76}},"54":{"start":{"line":66,"column":2},"end":{"line":69,"column":5}},"55":{"start":{"line":67,"column":4},"end":{"line":68,"column":30}},"56":{"start":{"line":67,"column":10},"end":{"line":67,"column":78}},"57":{"start":{"line":68,"column":16},"end":{"line":68,"column":28}},"58":{"start":{"line":70,"column":2},"end":{"line":73,"column":5}},"59":{"start":{"line":71,"column":4},"end":{"line":72,"column":30}},"60":{"start":{"line":71,"column":10},"end":{"line":71,"column":48}},"61":{"start":{"line":71,"column":49},"end":{"line":71,"column":77}},"62":{"start":{"line":72,"column":16},"end":{"line":72,"column":28}},"63":{"start":{"line":74,"column":2},"end":{"line":76,"column":5}},"64":{"start":{"line":75,"column":4},"end":{"line":75,"column":100}},"65":{"start":{"line":77,"column":2},"end":{"line":79,"column":5}},"66":{"start":{"line":78,"column":4},"end":{"line":78,"column":56}},"67":{"start":{"line":78,"column":57},"end":{"line":78,"column":85}},"68":{"start":{"line":80,"column":2},"end":{"line":83,"column":5}},"69":{"start":{"line":81,"column":4},"end":{"line":82,"column":30}},"70":{"start":{"line":81,"column":10},"end":{"line":81,"column":91}},"71":{"start":{"line":82,"column":16},"end":{"line":82,"column":28}},"72":{"start":{"line":84,"column":2},"end":{"line":87,"column":5}},"73":{"start":{"line":85,"column":4},"end":{"line":86,"column":30}},"74":{"start":{"line":85,"column":10},"end":{"line":85,"column":52}},"75":{"start":{"line":85,"column":53},"end":{"line":85,"column":81}},"76":{"start":{"line":86,"column":16},"end":{"line":86,"column":28}},"77":{"start":{"line":88,"column":2},"end":{"line":90,"column":5}},"78":{"start":{"line":89,"column":4},"end":{"line":89,"column":56}},"79":{"start":{"line":89,"column":57},"end":{"line":89,"column":85}},"80":{"start":{"line":93,"column":2},"end":{"line":96,"column":5}},"81":{"start":{"line":94,"column":4},"end":{"line":95,"column":30}},"82":{"start":{"line":94,"column":10},"end":{"line":94,"column":122}},"83":{"start":{"line":95,"column":16},"end":{"line":95,"column":28}},"84":{"start":{"line":97,"column":2},"end":{"line":99,"column":5}},"85":{"start":{"line":98,"column":4},"end":{"line":98,"column":98}},"86":{"start":{"line":100,"column":2},"end":{"line":102,"column":5}},"87":{"start":{"line":101,"column":4},"end":{"line":101,"column":91}},"88":{"start":{"line":103,"column":2},"end":{"line":106,"column":5}},"89":{"start":{"line":104,"column":4},"end":{"line":105,"column":30}},"90":{"start":{"line":104,"column":10},"end":{"line":104,"column":94}},"91":{"start":{"line":105,"column":16},"end":{"line":105,"column":28}},"92":{"start":{"line":107,"column":2},"end":{"line":110,"column":5}},"93":{"start":{"line":108,"column":4},"end":{"line":109,"column":30}},"94":{"start":{"line":108,"column":10},"end":{"line":108,"column":50}},"95":{"start":{"line":108,"column":51},"end":{"line":108,"column":79}},"96":{"start":{"line":109,"column":16},"end":{"line":109,"column":28}},"97":{"start":{"line":111,"column":2},"end":{"line":113,"column":5}},"98":{"start":{"line":112,"column":4},"end":{"line":112,"column":109}},"99":{"start":{"line":116,"column":2},"end":{"line":119,"column":5}},"100":{"start":{"line":117,"column":4},"end":{"line":118,"column":30}},"101":{"start":{"line":117,"column":10},"end":{"line":117,"column":147}},"102":{"start":{"line":118,"column":16},"end":{"line":118,"column":28}},"103":{"start":{"line":120,"column":2},"end":{"line":122,"column":5}},"104":{"start":{"line":121,"column":4},"end":{"line":121,"column":88}},"105":{"start":{"line":123,"column":2},"end":{"line":126,"column":5}},"106":{"start":{"line":124,"column":4},"end":{"line":125,"column":30}},"107":{"start":{"line":124,"column":10},"end":{"line":124,"column":52}},"108":{"start":{"line":124,"column":53},"end":{"line":124,"column":81}},"109":{"start":{"line":125,"column":16},"end":{"line":125,"column":28}},"110":{"start":{"line":129,"column":2},"end":{"line":137,"column":5}},"111":{"start":{"line":130,"column":4},"end":{"line":130,"column":119}},"112":{"start":{"line":131,"column":21},"end":{"line":131,"column":53}},"113":{"start":{"line":132,"column":17},"end":{"line":132,"column":30}},"114":{"start":{"line":133,"column":21},"end":{"line":133,"column":99}},"115":{"start":{"line":134,"column":4},"end":{"line":134,"column":56}},"116":{"start":{"line":135,"column":4},"end":{"line":135,"column":25}},"117":{"start":{"line":136,"column":4},"end":{"line":136,"column":61}},"118":{"start":{"line":136,"column":26},"end":{"line":136,"column":59}},"119":{"start":{"line":139,"column":2},"end":{"line":139,"column":13}},"120":{"start":{"line":142,"column":0},"end":{"line":142,"column":31}}},"fnMap":{"0":{"name":"createApp","decl":{"start":{"line":16,"column":9},"end":{"line":16,"column":18}},"loc":{"start":{"line":16,"column":23},"end":{"line":140,"column":1}},"line":16},"1":{"name":"(anonymous_1)","decl":{"start":{"line":33,"column":14},"end":{"line":33,"column":15}},"loc":{"start":{"line":33,"column":26},"end":{"line":37,"column":3}},"line":33},"2":{"name":"(anonymous_2)","decl":{"start":{"line":40,"column":31},"end":{"line":40,"column":32}},"loc":{"start":{"line":40,"column":45},"end":{"line":43,"column":3}},"line":40},"3":{"name":"(anonymous_3)","decl":{"start":{"line":44,"column":31},"end":{"line":44,"column":32}},"loc":{"start":{"line":44,"column":45},"end":{"line":47,"column":3}},"line":44},"4":{"name":"(anonymous_4)","decl":{"start":{"line":48,"column":30},"end":{"line":48,"column":31}},"loc":{"start":{"line":48,"column":44},"end":{"line":53,"column":3}},"line":48},"5":{"name":"(anonymous_5)","decl":{"start":{"line":56,"column":24},"end":{"line":56,"column":25}},"loc":{"start":{"line":56,"column":38},"end":{"line":58,"column":3}},"line":56},"6":{"name":"(anonymous_6)","decl":{"start":{"line":59,"column":56},"end":{"line":59,"column":57}},"loc":{"start":{"line":59,"column":70},"end":{"line":62,"column":3}},"line":59},"7":{"name":"(anonymous_7)","decl":{"start":{"line":63,"column":63},"end":{"line":63,"column":64}},"loc":{"start":{"line":63,"column":77},"end":{"line":65,"column":3}},"line":63},"8":{"name":"(anonymous_8)","decl":{"start":{"line":66,"column":59},"end":{"line":66,"column":60}},"loc":{"start":{"line":66,"column":73},"end":{"line":69,"column":3}},"line":66},"9":{"name":"(anonymous_9)","decl":{"start":{"line":70,"column":62},"end":{"line":70,"column":63}},"loc":{"start":{"line":70,"column":76},"end":{"line":73,"column":3}},"line":70},"10":{"name":"(anonymous_10)","decl":{"start":{"line":74,"column":61},"end":{"line":74,"column":62}},"loc":{"start":{"line":74,"column":75},"end":{"line":76,"column":3}},"line":74},"11":{"name":"(anonymous_11)","decl":{"start":{"line":77,"column":68},"end":{"line":77,"column":69}},"loc":{"start":{"line":77,"column":82},"end":{"line":79,"column":3}},"line":77},"12":{"name":"(anonymous_12)","decl":{"start":{"line":80,"column":64},"end":{"line":80,"column":65}},"loc":{"start":{"line":80,"column":78},"end":{"line":83,"column":3}},"line":80},"13":{"name":"(anonymous_13)","decl":{"start":{"line":84,"column":67},"end":{"line":84,"column":68}},"loc":{"start":{"line":84,"column":81},"end":{"line":87,"column":3}},"line":84},"14":{"name":"(anonymous_14)","decl":{"start":{"line":88,"column":68},"end":{"line":88,"column":69}},"loc":{"start":{"line":88,"column":82},"end":{"line":90,"column":3}},"line":88},"15":{"name":"(anonymous_15)","decl":{"start":{"line":93,"column":51},"end":{"line":93,"column":52}},"loc":{"start":{"line":93,"column":65},"end":{"line":96,"column":3}},"line":93},"16":{"name":"(anonymous_16)","decl":{"start":{"line":97,"column":50},"end":{"line":97,"column":51}},"loc":{"start":{"line":97,"column":64},"end":{"line":99,"column":3}},"line":97},"17":{"name":"(anonymous_17)","decl":{"start":{"line":100,"column":56},"end":{"line":100,"column":57}},"loc":{"start":{"line":100,"column":70},"end":{"line":102,"column":3}},"line":100},"18":{"name":"(anonymous_18)","decl":{"start":{"line":103,"column":67},"end":{"line":103,"column":68}},"loc":{"start":{"line":103,"column":81},"end":{"line":106,"column":3}},"line":103},"19":{"name":"(anonymous_19)","decl":{"start":{"line":107,"column":63},"end":{"line":107,"column":64}},"loc":{"start":{"line":107,"column":77},"end":{"line":110,"column":3}},"line":107},"20":{"name":"(anonymous_20)","decl":{"start":{"line":111,"column":64},"end":{"line":111,"column":65}},"loc":{"start":{"line":111,"column":78},"end":{"line":113,"column":3}},"line":111},"21":{"name":"(anonymous_21)","decl":{"start":{"line":116,"column":57},"end":{"line":116,"column":58}},"loc":{"start":{"line":116,"column":71},"end":{"line":119,"column":3}},"line":116},"22":{"name":"(anonymous_22)","decl":{"start":{"line":120,"column":56},"end":{"line":120,"column":57}},"loc":{"start":{"line":120,"column":70},"end":{"line":122,"column":3}},"line":120},"23":{"name":"(anonymous_23)","decl":{"start":{"line":123,"column":70},"end":{"line":123,"column":71}},"loc":{"start":{"line":123,"column":84},"end":{"line":126,"column":3}},"line":123},"24":{"name":"(anonymous_24)","decl":{"start":{"line":129,"column":47},"end":{"line":129,"column":48}},"loc":{"start":{"line":129,"column":61},"end":{"line":137,"column":3}},"line":129},"25":{"name":"(anonymous_25)","decl":{"start":{"line":136,"column":20},"end":{"line":136,"column":21}},"loc":{"start":{"line":136,"column":26},"end":{"line":136,"column":59}},"line":136}},"branchMap":{"0":{"loc":{"start":{"line":35,"column":19},"end":{"line":35,"column":40}},"type":"binary-expr","locations":[{"start":{"line":35,"column":19},"end":{"line":35,"column":33}},{"start":{"line":35,"column":37},"end":{"line":35,"column":40}}],"line":35},"1":{"loc":{"start":{"line":101,"column":49},"end":{"line":101,"column":86}},"type":"binary-expr","locations":[{"start":{"line":101,"column":49},"end":{"line":101,"column":66}},{"start":{"line":101,"column":70},"end":{"line":101,"column":86}}],"line":101},"2":{"loc":{"start":{"line":117,"column":65},"end":{"line":117,"column":101}},"type":"binary-expr","locations":[{"start":{"line":117,"column":65},"end":{"line":117,"column":81}},{"start":{"line":117,"column":85},"end":{"line":117,"column":101}}],"line":117},"3":{"loc":{"start":{"line":121,"column":46},"end":{"line":121,"column":83}},"type":"binary-expr","locations":[{"start":{"line":121,"column":46},"end":{"line":121,"column":63}},{"start":{"line":121,"column":67},"end":{"line":121,"column":83}}],"line":121},"4":{"loc":{"start":{"line":133,"column":21},"end":{"line":133,"column":99}},"type":"cond-expr","locations":[{"start":{"line":133,"column":41},"end":{"line":133,"column":78}},{"start":{"line":133,"column":82},"end":{"line":133,"column":99}}],"line":133},"5":{"loc":{"start":{"line":133,"column":41},"end":{"line":133,"column":78}},"type":"binary-expr","locations":[{"start":{"line":133,"column":41},"end":{"line":133,"column":58}},{"start":{"line":133,"column":62},"end":{"line":133,"column":78}}],"line":133}},"s":{"0":2,"1":2,"2":2,"3":2,"4":2,"5":2,"6":2,"7":2,"8":2,"9":2,"10":2,"11":2,"12":2,"13":2,"14":38,"15":38,"16":38,"17":38,"18":38,"19":38,"20":38,"21":38,"22":38,"23":38,"24":38,"25":38,"26":38,"27":38,"28":38,"29":12,"30":12,"31":12,"32":38,"33":3,"34":3,"35":1,"36":38,"37":2,"38":2,"39":0,"40":38,"41":2,"42":2,"43":2,"44":1,"45":38,"46":2,"47":38,"48":1,"49":1,"50":0,"51":38,"52":1,"53":1,"54":38,"55":2,"56":2,"57":1,"58":38,"59":2,"60":2,"61":1,"62":1,"63":38,"64":1,"65":38,"66":1,"67":1,"68":38,"69":2,"70":2,"71":1,"72":38,"73":2,"74":2,"75":1,"76":1,"77":38,"78":0,"79":0,"80":38,"81":7,"82":7,"83":1,"84":38,"85":2,"86":38,"87":2,"88":38,"89":5,"90":5,"91":2,"92":38,"93":2,"94":2,"95":1,"96":1,"97":38,"98":2,"99":38,"100":2,"101":2,"102":1,"103":38,"104":1,"105":38,"106":3,"107":3,"108":2,"109":1,"110":38,"111":1,"112":1,"113":1,"114":1,"115":1,"116":1,"117":1,"118":0,"119":38,"120":2},"f":{"0":38,"1":12,"2":3,"3":2,"4":2,"5":2,"6":1,"7":1,"8":2,"9":2,"10":1,"11":1,"12":2,"13":2,"14":0,"15":7,"16":2,"17":2,"18":5,"19":2,"20":2,"21":2,"22":1,"23":3,"24":1,"25":0},"b":{"0":[12,0],"1":[2,0],"2":[2,0],"3":[1,0],"4":[1,0],"5":[1,0]},"_coverageSchema":"1a1c01bbd47fc00a2c39e90264f33305004495a9","hash":"702add2ed9255413def199f8986cbf239b6677d2"}
,"/Users/chrislee/Git/chustard/server/src/db/index.js": {"path":"/Users/chrislee/Git/chustard/server/src/db/index.js","statementMap":{"0":{"start":{"line":1,"column":17},"end":{"line":1,"column":42}},"1":{"start":{"line":2,"column":11},"end":{"line":2,"column":24}},"2":{"start":{"line":3,"column":13},"end":{"line":3,"column":28}},"3":{"start":{"line":8,"column":2},"end":{"line":14,"column":3}},"4":{"start":{"line":9,"column":4},"end":{"line":9,"column":83}},"5":{"start":{"line":10,"column":4},"end":{"line":10,"column":36}},"6":{"start":{"line":11,"column":4},"end":{"line":11,"column":35}},"7":{"start":{"line":12,"column":19},"end":{"line":12,"column":78}},"8":{"start":{"line":13,"column":4},"end":{"line":13,"column":20}},"9":{"start":{"line":15,"column":2},"end":{"line":15,"column":12}},"10":{"start":{"line":19,"column":2},"end":{"line":19,"column":36}},"11":{"start":{"line":19,"column":12},"end":{"line":19,"column":23}},"12":{"start":{"line":19,"column":24},"end":{"line":19,"column":34}},"13":{"start":{"line":23,"column":17},"end":{"line":23,"column":41}},"14":{"start":{"line":24,"column":2},"end":{"line":24,"column":37}},"15":{"start":{"line":25,"column":17},"end":{"line":25,"column":76}},"16":{"start":{"line":26,"column":2},"end":{"line":26,"column":22}},"17":{"start":{"line":27,"column":2},"end":{"line":27,"column":16}},"18":{"start":{"line":30,"column":0},"end":{"line":30,"column":47}}},"fnMap":{"0":{"name":"getDb","decl":{"start":{"line":7,"column":9},"end":{"line":7,"column":14}},"loc":{"start":{"line":7,"column":23},"end":{"line":16,"column":1}},"line":7},"1":{"name":"closeDb","decl":{"start":{"line":18,"column":9},"end":{"line":18,"column":16}},"loc":{"start":{"line":18,"column":19},"end":{"line":20,"column":1}},"line":18},"2":{"name":"getTestDb","decl":{"start":{"line":22,"column":9},"end":{"line":22,"column":18}},"loc":{"start":{"line":22,"column":21},"end":{"line":28,"column":1}},"line":22}},"branchMap":{"0":{"loc":{"start":{"line":8,"column":2},"end":{"line":14,"column":3}},"type":"if","locations":[{"start":{"line":8,"column":2},"end":{"line":14,"column":3}},{"start":{},"end":{}}],"line":8},"1":{"loc":{"start":{"line":9,"column":22},"end":{"line":9,"column":81}},"type":"binary-expr","locations":[{"start":{"line":9,"column":22},"end":{"line":9,"column":28}},{"start":{"line":9,"column":32},"end":{"line":9,"column":81}}],"line":9},"2":{"loc":{"start":{"line":19,"column":2},"end":{"line":19,"column":36}},"type":"if","locations":[{"start":{"line":19,"column":2},"end":{"line":19,"column":36}},{"start":{},"end":{}}],"line":19}},"s":{"0":13,"1":13,"2":13,"3":0,"4":0,"5":0,"6":0,"7":0,"8":0,"9":0,"10":0,"11":0,"12":0,"13":112,"14":112,"15":112,"16":112,"17":112,"18":13},"f":{"0":0,"1":0,"2":112},"b":{"0":[0,0],"1":[0,0],"2":[0,0]},"_coverageSchema":"1a1c01bbd47fc00a2c39e90264f33305004495a9","hash":"0a57e2f3149a2ace96b1e11c5e5f015077bddd11"}
,"/Users/chrislee/Git/chustard/server/src/middleware/auth.js": {"path":"/Users/chrislee/Git/chustard/server/src/middleware/auth.js","statementMap":{"0":{"start":{"line":1,"column":12},"end":{"line":1,"column":35}},"1":{"start":{"line":2,"column":19},"end":{"line":2,"column":69}},"2":{"start":{"line":5,"column":2},"end":{"line":18,"column":4}},"3":{"start":{"line":6,"column":18},"end":{"line":6,"column":67}},"4":{"start":{"line":7,"column":4},"end":{"line":7,"column":108}},"5":{"start":{"line":7,"column":16},"end":{"line":7,"column":108}},"6":{"start":{"line":8,"column":4},"end":{"line":17,"column":5}},"7":{"start":{"line":9,"column":22},"end":{"line":9,"column":51}},"8":{"start":{"line":10,"column":6},"end":{"line":12,"column":7}},"9":{"start":{"line":11,"column":8},"end":{"line":11,"column":107}},"10":{"start":{"line":13,"column":6},"end":{"line":13,"column":25}},"11":{"start":{"line":14,"column":6},"end":{"line":14,"column":13}},"12":{"start":{"line":16,"column":6},"end":{"line":16,"column":90}},"13":{"start":{"line":21,"column":0},"end":{"line":21,"column":48}}},"fnMap":{"0":{"name":"authMiddleware","decl":{"start":{"line":4,"column":9},"end":{"line":4,"column":23}},"loc":{"start":{"line":4,"column":38},"end":{"line":19,"column":1}},"line":4},"1":{"name":"(anonymous_1)","decl":{"start":{"line":5,"column":9},"end":{"line":5,"column":10}},"loc":{"start":{"line":5,"column":29},"end":{"line":18,"column":3}},"line":5}},"branchMap":{"0":{"loc":{"start":{"line":2,"column":19},"end":{"line":2,"column":69}},"type":"binary-expr","locations":[{"start":{"line":2,"column":19},"end":{"line":2,"column":41}},{"start":{"line":2,"column":45},"end":{"line":2,"column":69}}],"line":2},"1":{"loc":{"start":{"line":7,"column":4},"end":{"line":7,"column":108}},"type":"if","locations":[{"start":{"line":7,"column":4},"end":{"line":7,"column":108}},{"start":{},"end":{}}],"line":7},"2":{"loc":{"start":{"line":10,"column":6},"end":{"line":12,"column":7}},"type":"if","locations":[{"start":{"line":10,"column":6},"end":{"line":12,"column":7}},{"start":{},"end":{}}],"line":10},"3":{"loc":{"start":{"line":10,"column":10},"end":{"line":10,"column":55}},"type":"binary-expr","locations":[{"start":{"line":10,"column":10},"end":{"line":10,"column":22}},{"start":{"line":10,"column":26},"end":{"line":10,"column":55}}],"line":10}},"s":{"0":4,"1":4,"2":727,"3":47,"4":47,"5":3,"6":44,"7":44,"8":43,"9":2,"10":41,"11":41,"12":1,"13":4},"f":{"0":727,"1":47},"b":{"0":[4,4],"1":[3,44],"2":[2,41],"3":[43,41]},"_coverageSchema":"1a1c01bbd47fc00a2c39e90264f33305004495a9","hash":"fb15bc8d386720bc7629d26db4c554e12236a4f3"}
,"/Users/chrislee/Git/chustard/server/src/repositories/AdminRepository.js": {"path":"/Users/chrislee/Git/chustard/server/src/repositories/AdminRepository.js","statementMap":{"0":{"start":{"line":2,"column":20},"end":{"line":2,"column":33}},"1":{"start":{"line":5,"column":4},"end":{"line":5,"column":117}},"2":{"start":{"line":9,"column":4},"end":{"line":9,"column":127}},"3":{"start":{"line":12,"column":0},"end":{"line":12,"column":33}}},"fnMap":{"0":{"name":"(anonymous_0)","decl":{"start":{"line":2,"column":2},"end":{"line":2,"column":3}},"loc":{"start":{"line":2,"column":18},"end":{"line":2,"column":35}},"line":2},"1":{"name":"(anonymous_1)","decl":{"start":{"line":4,"column":2},"end":{"line":4,"column":3}},"loc":{"start":{"line":4,"column":44},"end":{"line":6,"column":3}},"line":4},"2":{"name":"(anonymous_2)","decl":{"start":{"line":8,"column":2},"end":{"line":8,"column":3}},"loc":{"start":{"line":8,"column":54},"end":{"line":10,"column":3}},"line":8}},"branchMap":{"0":{"loc":{"start":{"line":5,"column":11},"end":{"line":5,"column":116}},"type":"binary-expr","locations":[{"start":{"line":5,"column":11},"end":{"line":5,"column":108}},{"start":{"line":5,"column":112},"end":{"line":5,"column":116}}],"line":5}},"s":{"0":54,"1":17,"2":13,"3":4},"f":{"0":54,"1":17,"2":13},"b":{"0":[17,3]},"_coverageSchema":"1a1c01bbd47fc00a2c39e90264f33305004495a9","hash":"3a8c81de7cd41316dcc6fbc2d786bd209feb590f"}
,"/Users/chrislee/Git/chustard/server/src/repositories/CategoryRepository.js": {"path":"/Users/chrislee/Git/chustard/server/src/repositories/CategoryRepository.js","statementMap":{"0":{"start":{"line":1,"column":23},"end":{"line":1,"column":38}},"1":{"start":{"line":4,"column":20},"end":{"line":4,"column":33}},"2":{"start":{"line":7,"column":4},"end":{"line":7,"column":105}},"3":{"start":{"line":11,"column":4},"end":{"line":11,"column":84}},"4":{"start":{"line":15,"column":15},"end":{"line":15,"column":23}},"5":{"start":{"line":16,"column":22},"end":{"line":16,"column":40}},"6":{"start":{"line":17,"column":4},"end":{"line":17,"column":139}},"7":{"start":{"line":18,"column":4},"end":{"line":18,"column":29}},"8":{"start":{"line":22,"column":4},"end":{"line":22,"column":86}},"9":{"start":{"line":23,"column":4},"end":{"line":23,"column":29}},"10":{"start":{"line":27,"column":4},"end":{"line":27,"column":67}},"11":{"start":{"line":31,"column":17},"end":{"line":31,"column":84}},"12":{"start":{"line":32,"column":15},"end":{"line":32,"column":104}},"13":{"start":{"line":32,"column":48},"end":{"line":32,"column":101}},"14":{"start":{"line":32,"column":81},"end":{"line":32,"column":101}},"15":{"start":{"line":33,"column":4},"end":{"line":33,"column":21}},"16":{"start":{"line":37,"column":4},"end":{"line":37,"column":105}},"17":{"start":{"line":40,"column":0},"end":{"line":40,"column":36}}},"fnMap":{"0":{"name":"(anonymous_0)","decl":{"start":{"line":4,"column":2},"end":{"line":4,"column":3}},"loc":{"start":{"line":4,"column":18},"end":{"line":4,"column":35}},"line":4},"1":{"name":"(anonymous_1)","decl":{"start":{"line":6,"column":2},"end":{"line":6,"column":3}},"loc":{"start":{"line":6,"column":26},"end":{"line":8,"column":3}},"line":6},"2":{"name":"(anonymous_2)","decl":{"start":{"line":10,"column":2},"end":{"line":10,"column":3}},"loc":{"start":{"line":10,"column":15},"end":{"line":12,"column":3}},"line":10},"3":{"name":"(anonymous_3)","decl":{"start":{"line":14,"column":2},"end":{"line":14,"column":3}},"loc":{"start":{"line":14,"column":14},"end":{"line":19,"column":3}},"line":14},"4":{"name":"(anonymous_4)","decl":{"start":{"line":21,"column":2},"end":{"line":21,"column":3}},"loc":{"start":{"line":21,"column":19},"end":{"line":24,"column":3}},"line":21},"5":{"name":"(anonymous_5)","decl":{"start":{"line":26,"column":2},"end":{"line":26,"column":3}},"loc":{"start":{"line":26,"column":13},"end":{"line":28,"column":3}},"line":26},"6":{"name":"(anonymous_6)","decl":{"start":{"line":30,"column":2},"end":{"line":30,"column":3}},"loc":{"start":{"line":30,"column":33},"end":{"line":34,"column":3}},"line":30},"7":{"name":"(anonymous_7)","decl":{"start":{"line":32,"column":35},"end":{"line":32,"column":36}},"loc":{"start":{"line":32,"column":46},"end":{"line":32,"column":103}},"line":32},"8":{"name":"(anonymous_8)","decl":{"start":{"line":36,"column":2},"end":{"line":36,"column":3}},"loc":{"start":{"line":36,"column":25},"end":{"line":38,"column":3}},"line":36}},"branchMap":{"0":{"loc":{"start":{"line":11,"column":11},"end":{"line":11,"column":83}},"type":"binary-expr","locations":[{"start":{"line":11,"column":11},"end":{"line":11,"column":75}},{"start":{"line":11,"column":79},"end":{"line":11,"column":83}}],"line":11},"1":{"loc":{"start":{"line":16,"column":22},"end":{"line":16,"column":40}},"type":"binary-expr","locations":[{"start":{"line":16,"column":22},"end":{"line":16,"column":35}},{"start":{"line":16,"column":39},"end":{"line":16,"column":40}}],"line":16}},"s":{"0":4,"1":56,"2":2,"3":17,"4":11,"5":11,"6":11,"7":11,"8":2,"9":2,"10":3,"11":3,"12":3,"13":3,"14":5,"15":3,"16":5,"17":4},"f":{"0":56,"1":2,"2":17,"3":11,"4":2,"5":3,"6":3,"7":3,"8":5},"b":{"0":[17,3],"1":[11,9]},"_coverageSchema":"1a1c01bbd47fc00a2c39e90264f33305004495a9","hash":"ad6573263f775c9fdb7e9aad084fffd43de4353e"}
,"/Users/chrislee/Git/chustard/server/src/repositories/MenuRepository.js": {"path":"/Users/chrislee/Git/chustard/server/src/repositories/MenuRepository.js","statementMap":{"0":{"start":{"line":1,"column":23},"end":{"line":1,"column":38}},"1":{"start":{"line":4,"column":20},"end":{"line":4,"column":33}},"2":{"start":{"line":7,"column":17},"end":{"line":7,"column":110}},"3":{"start":{"line":8,"column":4},"end":{"line":11,"column":8}},"4":{"start":{"line":8,"column":28},"end":{"line":11,"column":5}},"5":{"start":{"line":15,"column":4},"end":{"line":15,"column":79}},"6":{"start":{"line":19,"column":15},"end":{"line":19,"column":23}},"7":{"start":{"line":20,"column":106},"end":{"line":20,"column":110}},"8":{"start":{"line":21,"column":4},"end":{"line":21,"column":233}},"9":{"start":{"line":22,"column":4},"end":{"line":22,"column":29}},"10":{"start":{"line":26,"column":20},"end":{"line":26,"column":37}},"11":{"start":{"line":27,"column":200},"end":{"line":27,"column":204}},"12":{"start":{"line":28,"column":4},"end":{"line":28,"column":194}},"13":{"start":{"line":29,"column":4},"end":{"line":29,"column":29}},"14":{"start":{"line":33,"column":4},"end":{"line":33,"column":62}},"15":{"start":{"line":37,"column":17},"end":{"line":37,"column":79}},"16":{"start":{"line":38,"column":15},"end":{"line":38,"column":104}},"17":{"start":{"line":38,"column":48},"end":{"line":38,"column":101}},"18":{"start":{"line":38,"column":81},"end":{"line":38,"column":101}},"19":{"start":{"line":39,"column":4},"end":{"line":39,"column":21}},"20":{"start":{"line":43,"column":16},"end":{"line":43,"column":111}},"21":{"start":{"line":44,"column":4},"end":{"line":44,"column":25}},"22":{"start":{"line":47,"column":0},"end":{"line":47,"column":32}}},"fnMap":{"0":{"name":"(anonymous_0)","decl":{"start":{"line":4,"column":2},"end":{"line":4,"column":3}},"loc":{"start":{"line":4,"column":18},"end":{"line":4,"column":35}},"line":4},"1":{"name":"(anonymous_1)","decl":{"start":{"line":6,"column":2},"end":{"line":6,"column":3}},"loc":{"start":{"line":6,"column":33},"end":{"line":12,"column":3}},"line":6},"2":{"name":"(anonymous_2)","decl":{"start":{"line":8,"column":20},"end":{"line":8,"column":21}},"loc":{"start":{"line":8,"column":28},"end":{"line":11,"column":5}},"line":8},"3":{"name":"(anonymous_3)","decl":{"start":{"line":14,"column":2},"end":{"line":14,"column":3}},"loc":{"start":{"line":14,"column":15},"end":{"line":16,"column":3}},"line":14},"4":{"name":"(anonymous_4)","decl":{"start":{"line":18,"column":2},"end":{"line":18,"column":3}},"loc":{"start":{"line":18,"column":15},"end":{"line":23,"column":3}},"line":18},"5":{"name":"(anonymous_5)","decl":{"start":{"line":25,"column":2},"end":{"line":25,"column":3}},"loc":{"start":{"line":25,"column":19},"end":{"line":30,"column":3}},"line":25},"6":{"name":"(anonymous_6)","decl":{"start":{"line":32,"column":2},"end":{"line":32,"column":3}},"loc":{"start":{"line":32,"column":13},"end":{"line":34,"column":3}},"line":32},"7":{"name":"(anonymous_7)","decl":{"start":{"line":36,"column":2},"end":{"line":36,"column":3}},"loc":{"start":{"line":36,"column":33},"end":{"line":40,"column":3}},"line":36},"8":{"name":"(anonymous_8)","decl":{"start":{"line":38,"column":35},"end":{"line":38,"column":36}},"loc":{"start":{"line":38,"column":46},"end":{"line":38,"column":103}},"line":38},"9":{"name":"(anonymous_9)","decl":{"start":{"line":42,"column":2},"end":{"line":42,"column":3}},"loc":{"start":{"line":42,"column":27},"end":{"line":45,"column":3}},"line":42}},"branchMap":{"0":{"loc":{"start":{"line":15,"column":11},"end":{"line":15,"column":78}},"type":"binary-expr","locations":[{"start":{"line":15,"column":11},"end":{"line":15,"column":70}},{"start":{"line":15,"column":74},"end":{"line":15,"column":78}}],"line":15},"1":{"loc":{"start":{"line":20,"column":40},"end":{"line":20,"column":51}},"type":"default-arg","locations":[{"start":{"line":20,"column":49},"end":{"line":20,"column":51}}],"line":20},"2":{"loc":{"start":{"line":20,"column":53},"end":{"line":20,"column":64}},"type":"default-arg","locations":[{"start":{"line":20,"column":62},"end":{"line":20,"column":64}}],"line":20},"3":{"loc":{"start":{"line":20,"column":73},"end":{"line":20,"column":86}},"type":"default-arg","locations":[{"start":{"line":20,"column":84},"end":{"line":20,"column":86}}],"line":20},"4":{"loc":{"start":{"line":20,"column":88},"end":{"line":20,"column":101}},"type":"default-arg","locations":[{"start":{"line":20,"column":100},"end":{"line":20,"column":101}}],"line":20},"5":{"loc":{"start":{"line":27,"column":12},"end":{"line":27,"column":35}},"type":"default-arg","locations":[{"start":{"line":27,"column":21},"end":{"line":27,"column":35}}],"line":27},"6":{"loc":{"start":{"line":27,"column":37},"end":{"line":27,"column":60}},"type":"default-arg","locations":[{"start":{"line":27,"column":46},"end":{"line":27,"column":60}}],"line":27},"7":{"loc":{"start":{"line":27,"column":62},"end":{"line":27,"column":85}},"type":"default-arg","locations":[{"start":{"line":27,"column":71},"end":{"line":27,"column":85}}],"line":27},"8":{"loc":{"start":{"line":27,"column":87},"end":{"line":27,"column":110}},"type":"default-arg","locations":[{"start":{"line":27,"column":96},"end":{"line":27,"column":110}}],"line":27},"9":{"loc":{"start":{"line":27,"column":112},"end":{"line":27,"column":133}},"type":"default-arg","locations":[{"start":{"line":27,"column":120},"end":{"line":27,"column":133}}],"line":27},"10":{"loc":{"start":{"line":27,"column":135},"end":{"line":27,"column":162}},"type":"default-arg","locations":[{"start":{"line":27,"column":146},"end":{"line":27,"column":162}}],"line":27},"11":{"loc":{"start":{"line":27,"column":164},"end":{"line":27,"column":195}},"type":"default-arg","locations":[{"start":{"line":27,"column":177},"end":{"line":27,"column":195}}],"line":27},"12":{"loc":{"start":{"line":44,"column":11},"end":{"line":44,"column":24}},"type":"binary-expr","locations":[{"start":{"line":44,"column":11},"end":{"line":44,"column":18}},{"start":{"line":44,"column":22},"end":{"line":44,"column":24}}],"line":44}},"s":{"0":5,"1":72,"2":9,"3":9,"4":9,"5":49,"6":15,"7":15,"8":15,"9":15,"10":4,"11":4,"12":4,"13":4,"14":3,"15":3,"16":3,"17":3,"18":5,"19":3,"20":9,"21":9,"22":5},"f":{"0":72,"1":9,"2":9,"3":49,"4":15,"5":4,"6":3,"7":3,"8":3,"9":9},"b":{"0":[49,8],"1":[14],"2":[15],"3":[14],"4":[7],"5":[0],"6":[3],"7":[4],"8":[4],"9":[1],"10":[4],"11":[4],"12":[9,5]},"_coverageSchema":"1a1c01bbd47fc00a2c39e90264f33305004495a9","hash":"f1c6f6778ff7dfb88227d2c055c9f25414527cea"}
,"/Users/chrislee/Git/chustard/server/src/repositories/OrderHistoryRepository.js": {"path":"/Users/chrislee/Git/chustard/server/src/repositories/OrderHistoryRepository.js","statementMap":{"0":{"start":{"line":1,"column":23},"end":{"line":1,"column":38}},"1":{"start":{"line":4,"column":20},"end":{"line":4,"column":33}},"2":{"start":{"line":7,"column":15},"end":{"line":7,"column":23}},"3":{"start":{"line":8,"column":4},"end":{"line":8,"column":244}},"4":{"start":{"line":9,"column":4},"end":{"line":9,"column":79}},"5":{"start":{"line":13,"column":14},"end":{"line":13,"column":61}},"6":{"start":{"line":14,"column":19},"end":{"line":14,"column":28}},"7":{"start":{"line":15,"column":4},"end":{"line":15,"column":117}},"8":{"start":{"line":15,"column":19},"end":{"line":15,"column":93}},"9":{"start":{"line":15,"column":94},"end":{"line":15,"column":115}},"10":{"start":{"line":16,"column":4},"end":{"line":16,"column":73}},"11":{"start":{"line":16,"column":16},"end":{"line":16,"column":52}},"12":{"start":{"line":16,"column":53},"end":{"line":16,"column":71}},"13":{"start":{"line":17,"column":4},"end":{"line":17,"column":40}},"14":{"start":{"line":18,"column":4},"end":{"line":18,"column":47}},"15":{"start":{"line":21,"column":0},"end":{"line":21,"column":40}}},"fnMap":{"0":{"name":"(anonymous_0)","decl":{"start":{"line":4,"column":2},"end":{"line":4,"column":3}},"loc":{"start":{"line":4,"column":18},"end":{"line":4,"column":35}},"line":4},"1":{"name":"(anonymous_1)","decl":{"start":{"line":6,"column":2},"end":{"line":6,"column":3}},"loc":{"start":{"line":6,"column":18},"end":{"line":10,"column":3}},"line":6},"2":{"name":"(anonymous_2)","decl":{"start":{"line":12,"column":2},"end":{"line":12,"column":3}},"loc":{"start":{"line":12,"column":40},"end":{"line":19,"column":3}},"line":12}},"branchMap":{"0":{"loc":{"start":{"line":15,"column":4},"end":{"line":15,"column":117}},"type":"if","locations":[{"start":{"line":15,"column":4},"end":{"line":15,"column":117}},{"start":{},"end":{}}],"line":15},"1":{"loc":{"start":{"line":16,"column":4},"end":{"line":16,"column":73}},"type":"if","locations":[{"start":{"line":16,"column":4},"end":{"line":16,"column":73}},{"start":{},"end":{}}],"line":16}},"s":{"0":5,"1":47,"2":9,"3":9,"4":9,"5":7,"6":7,"7":7,"8":1,"9":1,"10":7,"11":2,"12":2,"13":7,"14":7,"15":5},"f":{"0":47,"1":9,"2":7},"b":{"0":[1,6],"1":[2,5]},"_coverageSchema":"1a1c01bbd47fc00a2c39e90264f33305004495a9","hash":"688bd98b390f4d95534f7b518019d915f1a7b8d8"}
,"/Users/chrislee/Git/chustard/server/src/repositories/OrderRepository.js": {"path":"/Users/chrislee/Git/chustard/server/src/repositories/OrderRepository.js","statementMap":{"0":{"start":{"line":1,"column":23},"end":{"line":1,"column":38}},"1":{"start":{"line":4,"column":20},"end":{"line":4,"column":33}},"2":{"start":{"line":7,"column":15},"end":{"line":7,"column":23}},"3":{"start":{"line":8,"column":4},"end":{"line":8,"column":159}},"4":{"start":{"line":9,"column":17},"end":{"line":9,"column":143}},"5":{"start":{"line":10,"column":4},"end":{"line":10,"column":119}},"6":{"start":{"line":10,"column":30},"end":{"line":10,"column":119}},"7":{"start":{"line":11,"column":4},"end":{"line":11,"column":29}},"8":{"start":{"line":15,"column":18},"end":{"line":15,"column":78}},"9":{"start":{"line":16,"column":4},"end":{"line":16,"column":28}},"10":{"start":{"line":16,"column":16},"end":{"line":16,"column":28}},"11":{"start":{"line":17,"column":4},"end":{"line":17,"column":89}},"12":{"start":{"line":18,"column":4},"end":{"line":18,"column":17}},"13":{"start":{"line":22,"column":19},"end":{"line":22,"column":155}},"14":{"start":{"line":23,"column":4},"end":{"line":23,"column":120}},"15":{"start":{"line":23,"column":28},"end":{"line":23,"column":117}},"16":{"start":{"line":27,"column":19},"end":{"line":27,"column":89}},"17":{"start":{"line":28,"column":4},"end":{"line":33,"column":7}},"18":{"start":{"line":29,"column":21},"end":{"line":29,"column":125}},"19":{"start":{"line":30,"column":30},"end":{"line":30,"column":138}},"20":{"start":{"line":30,"column":47},"end":{"line":30,"column":136}},"21":{"start":{"line":31,"column":26},"end":{"line":31,"column":75}},"22":{"start":{"line":31,"column":52},"end":{"line":31,"column":71}},"23":{"start":{"line":32,"column":6},"end":{"line":32,"column":115}},"24":{"start":{"line":37,"column":4},"end":{"line":37,"column":81}},"25":{"start":{"line":41,"column":4},"end":{"line":41,"column":76}},"26":{"start":{"line":45,"column":19},"end":{"line":45,"column":119}},"27":{"start":{"line":46,"column":4},"end":{"line":46,"column":99}},"28":{"start":{"line":46,"column":28},"end":{"line":46,"column":99}},"29":{"start":{"line":47,"column":4},"end":{"line":47,"column":102}},"30":{"start":{"line":50,"column":0},"end":{"line":50,"column":33}}},"fnMap":{"0":{"name":"(anonymous_0)","decl":{"start":{"line":4,"column":2},"end":{"line":4,"column":3}},"loc":{"start":{"line":4,"column":18},"end":{"line":4,"column":35}},"line":4},"1":{"name":"(anonymous_1)","decl":{"start":{"line":6,"column":2},"end":{"line":6,"column":3}},"loc":{"start":{"line":6,"column":23},"end":{"line":12,"column":3}},"line":6},"2":{"name":"(anonymous_2)","decl":{"start":{"line":14,"column":2},"end":{"line":14,"column":3}},"loc":{"start":{"line":14,"column":15},"end":{"line":19,"column":3}},"line":14},"3":{"name":"(anonymous_3)","decl":{"start":{"line":21,"column":2},"end":{"line":21,"column":3}},"loc":{"start":{"line":21,"column":41},"end":{"line":24,"column":3}},"line":21},"4":{"name":"(anonymous_4)","decl":{"start":{"line":23,"column":22},"end":{"line":23,"column":23}},"loc":{"start":{"line":23,"column":28},"end":{"line":23,"column":117}},"line":23},"5":{"name":"(anonymous_5)","decl":{"start":{"line":26,"column":2},"end":{"line":26,"column":3}},"loc":{"start":{"line":26,"column":26},"end":{"line":34,"column":3}},"line":26},"6":{"name":"(anonymous_6)","decl":{"start":{"line":28,"column":22},"end":{"line":28,"column":23}},"loc":{"start":{"line":28,"column":27},"end":{"line":33,"column":5}},"line":28},"7":{"name":"(anonymous_7)","decl":{"start":{"line":30,"column":41},"end":{"line":30,"column":42}},"loc":{"start":{"line":30,"column":47},"end":{"line":30,"column":136}},"line":30},"8":{"name":"(anonymous_8)","decl":{"start":{"line":31,"column":40},"end":{"line":31,"column":41}},"loc":{"start":{"line":31,"column":52},"end":{"line":31,"column":71}},"line":31},"9":{"name":"(anonymous_9)","decl":{"start":{"line":36,"column":2},"end":{"line":36,"column":3}},"loc":{"start":{"line":36,"column":27},"end":{"line":38,"column":3}},"line":36},"10":{"name":"(anonymous_10)","decl":{"start":{"line":40,"column":2},"end":{"line":40,"column":3}},"loc":{"start":{"line":40,"column":17},"end":{"line":42,"column":3}},"line":40},"11":{"name":"(anonymous_11)","decl":{"start":{"line":44,"column":2},"end":{"line":44,"column":3}},"loc":{"start":{"line":44,"column":38},"end":{"line":48,"column":3}},"line":44}},"branchMap":{"0":{"loc":{"start":{"line":16,"column":4},"end":{"line":16,"column":28}},"type":"if","locations":[{"start":{"line":16,"column":4},"end":{"line":16,"column":28}},{"start":{},"end":{}}],"line":16}},"s":{"0":5,"1":62,"2":21,"3":21,"4":21,"5":21,"6":22,"7":21,"8":36,"9":36,"10":4,"11":32,"12":32,"13":6,"14":6,"15":5,"16":3,"17":3,"18":3,"19":3,"20":2,"21":3,"22":2,"23":3,"24":6,"25":4,"26":4,"27":4,"28":3,"29":4,"30":5},"f":{"0":62,"1":21,"2":36,"3":6,"4":5,"5":3,"6":3,"7":2,"8":2,"9":6,"10":4,"11":4},"b":{"0":[4,32]},"_coverageSchema":"1a1c01bbd47fc00a2c39e90264f33305004495a9","hash":"285954635482050eae0288c9b35bfaf64edb5907"}
,"/Users/chrislee/Git/chustard/server/src/repositories/TableRepository.js": {"path":"/Users/chrislee/Git/chustard/server/src/repositories/TableRepository.js","statementMap":{"0":{"start":{"line":1,"column":23},"end":{"line":1,"column":38}},"1":{"start":{"line":4,"column":20},"end":{"line":4,"column":33}},"2":{"start":{"line":7,"column":4},"end":{"line":7,"column":123}},"3":{"start":{"line":11,"column":4},"end":{"line":11,"column":80}},"4":{"start":{"line":15,"column":4},"end":{"line":15,"column":103}},"5":{"start":{"line":19,"column":15},"end":{"line":19,"column":23}},"6":{"start":{"line":20,"column":4},"end":{"line":20,"column":165}},"7":{"start":{"line":21,"column":4},"end":{"line":21,"column":29}},"8":{"start":{"line":25,"column":4},"end":{"line":25,"column":114}},"9":{"start":{"line":28,"column":0},"end":{"line":28,"column":33}}},"fnMap":{"0":{"name":"(anonymous_0)","decl":{"start":{"line":4,"column":2},"end":{"line":4,"column":3}},"loc":{"start":{"line":4,"column":18},"end":{"line":4,"column":35}},"line":4},"1":{"name":"(anonymous_1)","decl":{"start":{"line":6,"column":2},"end":{"line":6,"column":3}},"loc":{"start":{"line":6,"column":45},"end":{"line":8,"column":3}},"line":6},"2":{"name":"(anonymous_2)","decl":{"start":{"line":10,"column":2},"end":{"line":10,"column":3}},"loc":{"start":{"line":10,"column":15},"end":{"line":12,"column":3}},"line":10},"3":{"name":"(anonymous_3)","decl":{"start":{"line":14,"column":2},"end":{"line":14,"column":3}},"loc":{"start":{"line":14,"column":26},"end":{"line":16,"column":3}},"line":14},"4":{"name":"(anonymous_4)","decl":{"start":{"line":18,"column":2},"end":{"line":18,"column":3}},"loc":{"start":{"line":18,"column":16},"end":{"line":22,"column":3}},"line":18},"5":{"name":"(anonymous_5)","decl":{"start":{"line":24,"column":2},"end":{"line":24,"column":3}},"loc":{"start":{"line":24,"column":39},"end":{"line":26,"column":3}},"line":24}},"branchMap":{"0":{"loc":{"start":{"line":7,"column":11},"end":{"line":7,"column":122}},"type":"binary-expr","locations":[{"start":{"line":7,"column":11},"end":{"line":7,"column":114}},{"start":{"line":7,"column":118},"end":{"line":7,"column":122}}],"line":7},"1":{"loc":{"start":{"line":11,"column":11},"end":{"line":11,"column":79}},"type":"binary-expr","locations":[{"start":{"line":11,"column":11},"end":{"line":11,"column":71}},{"start":{"line":11,"column":75},"end":{"line":11,"column":79}}],"line":11}},"s":{"0":6,"1":72,"2":13,"3":38,"4":2,"5":9,"6":9,"7":9,"8":8,"9":6},"f":{"0":72,"1":13,"2":38,"3":2,"4":9,"5":8},"b":{"0":[13,5],"1":[38,3]},"_coverageSchema":"1a1c01bbd47fc00a2c39e90264f33305004495a9","hash":"95447ee623bd34eaa1e8a4f57a12dbfc658e8975"}
,"/Users/chrislee/Git/chustard/server/src/services/AuthService.js": {"path":"/Users/chrislee/Git/chustard/server/src/services/AuthService.js","statementMap":{"0":{"start":{"line":1,"column":15},"end":{"line":1,"column":34}},"1":{"start":{"line":2,"column":12},"end":{"line":2,"column":35}},"2":{"start":{"line":3,"column":23},"end":{"line":3,"column":38}},"3":{"start":{"line":4,"column":23},"end":{"line":4,"column":52}},"4":{"start":{"line":7,"column":38},"end":{"line":7,"column":65}},"5":{"start":{"line":7,"column":66},"end":{"line":7,"column":93}},"6":{"start":{"line":10,"column":18},"end":{"line":10,"column":74}},"7":{"start":{"line":11,"column":4},"end":{"line":11,"column":48}},"8":{"start":{"line":11,"column":16},"end":{"line":11,"column":48}},"9":{"start":{"line":12,"column":4},"end":{"line":12,"column":103}},"10":{"start":{"line":12,"column":71},"end":{"line":12,"column":103}},"11":{"start":{"line":13,"column":4},"end":{"line":19,"column":5}},"12":{"start":{"line":14,"column":23},"end":{"line":14,"column":47}},"13":{"start":{"line":15,"column":26},"end":{"line":15,"column":92}},"14":{"start":{"line":16,"column":6},"end":{"line":16,"column":73}},"15":{"start":{"line":17,"column":6},"end":{"line":17,"column":57}},"16":{"start":{"line":17,"column":25},"end":{"line":17,"column":57}},"17":{"start":{"line":18,"column":6},"end":{"line":18,"column":38}},"18":{"start":{"line":20,"column":4},"end":{"line":20,"column":57}},"19":{"start":{"line":21,"column":18},"end":{"line":21,"column":107}},"20":{"start":{"line":22,"column":4},"end":{"line":22,"column":39}},"21":{"start":{"line":26,"column":18},"end":{"line":26,"column":75}},"22":{"start":{"line":27,"column":4},"end":{"line":27,"column":101}},"23":{"start":{"line":27,"column":69},"end":{"line":27,"column":101}},"24":{"start":{"line":28,"column":20},"end":{"line":28,"column":42}},"25":{"start":{"line":29,"column":4},"end":{"line":32,"column":5}},"26":{"start":{"line":30,"column":6},"end":{"line":30,"column":27}},"27":{"start":{"line":31,"column":6},"end":{"line":31,"column":70}},"28":{"start":{"line":33,"column":18},"end":{"line":33,"column":118}},"29":{"start":{"line":34,"column":4},"end":{"line":34,"column":51}},"30":{"start":{"line":38,"column":4},"end":{"line":41,"column":48}},"31":{"start":{"line":39,"column":22},"end":{"line":39,"column":51}},"32":{"start":{"line":40,"column":6},"end":{"line":40,"column":83}},"33":{"start":{"line":41,"column":14},"end":{"line":41,"column":46}},"34":{"start":{"line":44,"column":0},"end":{"line":44,"column":29}}},"fnMap":{"0":{"name":"(anonymous_0)","decl":{"start":{"line":7,"column":2},"end":{"line":7,"column":3}},"loc":{"start":{"line":7,"column":36},"end":{"line":7,"column":95}},"line":7},"1":{"name":"(anonymous_1)","decl":{"start":{"line":9,"column":2},"end":{"line":9,"column":3}},"loc":{"start":{"line":9,"column":42},"end":{"line":23,"column":3}},"line":9},"2":{"name":"(anonymous_2)","decl":{"start":{"line":25,"column":2},"end":{"line":25,"column":3}},"loc":{"start":{"line":25,"column":45},"end":{"line":35,"column":3}},"line":25},"3":{"name":"(anonymous_3)","decl":{"start":{"line":37,"column":2},"end":{"line":37,"column":3}},"loc":{"start":{"line":37,"column":21},"end":{"line":42,"column":3}},"line":37}},"branchMap":{"0":{"loc":{"start":{"line":11,"column":4},"end":{"line":11,"column":48}},"type":"if","locations":[{"start":{"line":11,"column":4},"end":{"line":11,"column":48}},{"start":{},"end":{}}],"line":11},"1":{"loc":{"start":{"line":12,"column":4},"end":{"line":12,"column":103}},"type":"if","locations":[{"start":{"line":12,"column":4},"end":{"line":12,"column":103}},{"start":{},"end":{}}],"line":12},"2":{"loc":{"start":{"line":12,"column":8},"end":{"line":12,"column":69}},"type":"binary-expr","locations":[{"start":{"line":12,"column":8},"end":{"line":12,"column":25}},{"start":{"line":12,"column":29},"end":{"line":12,"column":69}}],"line":12},"3":{"loc":{"start":{"line":13,"column":4},"end":{"line":19,"column":5}},"type":"if","locations":[{"start":{"line":13,"column":4},"end":{"line":19,"column":5}},{"start":{},"end":{}}],"line":13},"4":{"loc":{"start":{"line":15,"column":26},"end":{"line":15,"column":92}},"type":"cond-expr","locations":[{"start":{"line":15,"column":42},"end":{"line":15,"column":85}},{"start":{"line":15,"column":88},"end":{"line":15,"column":92}}],"line":15},"5":{"loc":{"start":{"line":17,"column":6},"end":{"line":17,"column":57}},"type":"if","locations":[{"start":{"line":17,"column":6},"end":{"line":17,"column":57}},{"start":{},"end":{}}],"line":17},"6":{"loc":{"start":{"line":27,"column":4},"end":{"line":27,"column":101}},"type":"if","locations":[{"start":{"line":27,"column":4},"end":{"line":27,"column":101}},{"start":{},"end":{}}],"line":27},"7":{"loc":{"start":{"line":27,"column":8},"end":{"line":27,"column":67}},"type":"binary-expr","locations":[{"start":{"line":27,"column":8},"end":{"line":27,"column":14}},{"start":{"line":27,"column":18},"end":{"line":27,"column":67}}],"line":27},"8":{"loc":{"start":{"line":29,"column":4},"end":{"line":32,"column":5}},"type":"if","locations":[{"start":{"line":29,"column":4},"end":{"line":32,"column":5}},{"start":{},"end":{}}],"line":29},"9":{"loc":{"start":{"line":40,"column":57},"end":{"line":40,"column":80}},"type":"binary-expr","locations":[{"start":{"line":40,"column":57},"end":{"line":40,"column":72}},{"start":{"line":40,"column":76},"end":{"line":40,"column":80}}],"line":40}},"s":{"0":3,"1":3,"2":3,"3":3,"4":51,"5":51,"6":15,"7":15,"8":2,"9":13,"10":1,"11":12,"12":8,"13":8,"14":8,"15":8,"16":1,"17":7,"18":4,"19":4,"20":4,"21":6,"22":6,"23":2,"24":4,"25":4,"26":2,"27":2,"28":4,"29":4,"30":4,"31":4,"32":2,"33":2,"34":3},"f":{"0":51,"1":15,"2":6,"3":4},"b":{"0":[2,13],"1":[1,12],"2":[13,1],"3":[8,4],"4":[1,7],"5":[1,7],"6":[2,4],"7":[6,5],"8":[2,2],"9":[2,2]},"_coverageSchema":"1a1c01bbd47fc00a2c39e90264f33305004495a9","hash":"27e7f9723b93236c87b53695a5148fc87eb33a76"}
,"/Users/chrislee/Git/chustard/server/src/services/MenuService.js": {"path":"/Users/chrislee/Git/chustard/server/src/services/MenuService.js","statementMap":{"0":{"start":{"line":2,"column":40},"end":{"line":2,"column":65}},"1":{"start":{"line":2,"column":66},"end":{"line":2,"column":99}},"2":{"start":{"line":4,"column":22},"end":{"line":4,"column":74}},"3":{"start":{"line":7,"column":22},"end":{"line":7,"column":69}},"4":{"start":{"line":8,"column":4},"end":{"line":8,"column":56}},"5":{"start":{"line":12,"column":4},"end":{"line":12,"column":66}},"6":{"start":{"line":12,"column":37},"end":{"line":12,"column":66}},"7":{"start":{"line":13,"column":4},"end":{"line":13,"column":42}},"8":{"start":{"line":17,"column":4},"end":{"line":17,"column":66}},"9":{"start":{"line":17,"column":37},"end":{"line":17,"column":66}},"10":{"start":{"line":18,"column":4},"end":{"line":18,"column":29}},"11":{"start":{"line":22,"column":4},"end":{"line":22,"column":68}},"12":{"start":{"line":22,"column":58},"end":{"line":22,"column":65}},"13":{"start":{"line":25,"column":34},"end":{"line":25,"column":85}},"14":{"start":{"line":28,"column":4},"end":{"line":28,"column":70}},"15":{"start":{"line":28,"column":41},"end":{"line":28,"column":70}},"16":{"start":{"line":29,"column":4},"end":{"line":29,"column":50}},"17":{"start":{"line":33,"column":4},"end":{"line":33,"column":82}},"18":{"start":{"line":33,"column":46},"end":{"line":33,"column":82}},"19":{"start":{"line":34,"column":4},"end":{"line":34,"column":33}},"20":{"start":{"line":38,"column":4},"end":{"line":38,"column":76}},"21":{"start":{"line":38,"column":66},"end":{"line":38,"column":73}},"22":{"start":{"line":41,"column":0},"end":{"line":41,"column":29}}},"fnMap":{"0":{"name":"(anonymous_0)","decl":{"start":{"line":2,"column":2},"end":{"line":2,"column":3}},"loc":{"start":{"line":2,"column":38},"end":{"line":2,"column":101}},"line":2},"1":{"name":"(anonymous_1)","decl":{"start":{"line":4,"column":2},"end":{"line":4,"column":3}},"loc":{"start":{"line":4,"column":20},"end":{"line":4,"column":76}},"line":4},"2":{"name":"(anonymous_2)","decl":{"start":{"line":6,"column":2},"end":{"line":6,"column":3}},"loc":{"start":{"line":6,"column":19},"end":{"line":9,"column":3}},"line":6},"3":{"name":"(anonymous_3)","decl":{"start":{"line":11,"column":2},"end":{"line":11,"column":3}},"loc":{"start":{"line":11,"column":23},"end":{"line":14,"column":3}},"line":11},"4":{"name":"(anonymous_4)","decl":{"start":{"line":16,"column":2},"end":{"line":16,"column":3}},"loc":{"start":{"line":16,"column":17},"end":{"line":19,"column":3}},"line":16},"5":{"name":"(anonymous_5)","decl":{"start":{"line":21,"column":2},"end":{"line":21,"column":3}},"loc":{"start":{"line":21,"column":24},"end":{"line":23,"column":3}},"line":21},"6":{"name":"(anonymous_6)","decl":{"start":{"line":22,"column":47},"end":{"line":22,"column":48}},"loc":{"start":{"line":22,"column":58},"end":{"line":22,"column":65}},"line":22},"7":{"name":"(anonymous_7)","decl":{"start":{"line":25,"column":2},"end":{"line":25,"column":3}},"loc":{"start":{"line":25,"column":32},"end":{"line":25,"column":87}},"line":25},"8":{"name":"(anonymous_8)","decl":{"start":{"line":27,"column":2},"end":{"line":27,"column":3}},"loc":{"start":{"line":27,"column":27},"end":{"line":30,"column":3}},"line":27},"9":{"name":"(anonymous_9)","decl":{"start":{"line":32,"column":2},"end":{"line":32,"column":3}},"loc":{"start":{"line":32,"column":21},"end":{"line":35,"column":3}},"line":32},"10":{"name":"(anonymous_10)","decl":{"start":{"line":37,"column":2},"end":{"line":37,"column":3}},"loc":{"start":{"line":37,"column":33},"end":{"line":39,"column":3}},"line":37},"11":{"name":"(anonymous_11)","decl":{"start":{"line":38,"column":55},"end":{"line":38,"column":56}},"loc":{"start":{"line":38,"column":66},"end":{"line":38,"column":73}},"line":38}},"branchMap":{"0":{"loc":{"start":{"line":12,"column":4},"end":{"line":12,"column":66}},"type":"if","locations":[{"start":{"line":12,"column":4},"end":{"line":12,"column":66}},{"start":{},"end":{}}],"line":12},"1":{"loc":{"start":{"line":17,"column":4},"end":{"line":17,"column":66}},"type":"if","locations":[{"start":{"line":17,"column":4},"end":{"line":17,"column":66}},{"start":{},"end":{}}],"line":17},"2":{"loc":{"start":{"line":28,"column":4},"end":{"line":28,"column":70}},"type":"if","locations":[{"start":{"line":28,"column":4},"end":{"line":28,"column":70}},{"start":{},"end":{}}],"line":28},"3":{"loc":{"start":{"line":33,"column":4},"end":{"line":33,"column":82}},"type":"if","locations":[{"start":{"line":33,"column":4},"end":{"line":33,"column":82}},{"start":{},"end":{}}],"line":33}},"s":{"0":50,"1":50,"2":7,"3":7,"4":7,"5":4,"6":2,"7":2,"8":4,"9":2,"10":2,"11":2,"12":3,"13":3,"14":3,"15":2,"16":1,"17":4,"18":2,"19":2,"20":2,"21":3,"22":3},"f":{"0":50,"1":7,"2":7,"3":4,"4":4,"5":2,"6":3,"7":3,"8":3,"9":4,"10":2,"11":3},"b":{"0":[2,2],"1":[2,2],"2":[2,1],"3":[2,2]},"_coverageSchema":"1a1c01bbd47fc00a2c39e90264f33305004495a9","hash":"3961296f486138a13c3f707daec4ffc8d6c3284b"}
,"/Users/chrislee/Git/chustard/server/src/services/OrderService.js": {"path":"/Users/chrislee/Git/chustard/server/src/services/OrderService.js","statementMap":{"0":{"start":{"line":1,"column":26},"end":{"line":1,"column":74}},"1":{"start":{"line":5,"column":4},"end":{"line":5,"column":31}},"2":{"start":{"line":5,"column":32},"end":{"line":5,"column":59}},"3":{"start":{"line":6,"column":4},"end":{"line":6,"column":29}},"4":{"start":{"line":6,"column":30},"end":{"line":6,"column":59}},"5":{"start":{"line":7,"column":4},"end":{"line":7,"column":45}},"6":{"start":{"line":11,"column":18},"end":{"line":11,"column":50}},"7":{"start":{"line":12,"column":4},"end":{"line":12,"column":52}},"8":{"start":{"line":12,"column":16},"end":{"line":12,"column":52}},"9":{"start":{"line":13,"column":23},"end":{"line":17,"column":6}},"10":{"start":{"line":14,"column":19},"end":{"line":14,"column":54}},"11":{"start":{"line":15,"column":6},"end":{"line":15,"column":53}},"12":{"start":{"line":15,"column":17},"end":{"line":15,"column":53}},"13":{"start":{"line":16,"column":6},"end":{"line":16,"column":123}},"14":{"start":{"line":18,"column":24},"end":{"line":18,"column":84}},"15":{"start":{"line":18,"column":54},"end":{"line":18,"column":80}},"16":{"start":{"line":19,"column":18},"end":{"line":19,"column":88}},"17":{"start":{"line":20,"column":4},"end":{"line":20,"column":96}},"18":{"start":{"line":20,"column":37},"end":{"line":20,"column":96}},"19":{"start":{"line":21,"column":4},"end":{"line":21,"column":78}},"20":{"start":{"line":22,"column":4},"end":{"line":22,"column":17}},"21":{"start":{"line":25,"column":43},"end":{"line":25,"column":104}},"22":{"start":{"line":27,"column":26},"end":{"line":27,"column":72}},"23":{"start":{"line":30,"column":18},"end":{"line":30,"column":45}},"24":{"start":{"line":31,"column":4},"end":{"line":31,"column":45}},"25":{"start":{"line":31,"column":16},"end":{"line":31,"column":45}},"26":{"start":{"line":32,"column":4},"end":{"line":32,"column":88}},"27":{"start":{"line":32,"column":52},"end":{"line":32,"column":88}},"28":{"start":{"line":33,"column":4},"end":{"line":33,"column":44}},"29":{"start":{"line":34,"column":18},"end":{"line":34,"column":56}},"30":{"start":{"line":35,"column":4},"end":{"line":35,"column":109}},"31":{"start":{"line":36,"column":4},"end":{"line":36,"column":32}},"32":{"start":{"line":40,"column":18},"end":{"line":40,"column":45}},"33":{"start":{"line":41,"column":4},"end":{"line":41,"column":45}},"34":{"start":{"line":41,"column":16},"end":{"line":41,"column":45}},"35":{"start":{"line":42,"column":4},"end":{"line":42,"column":34}},"36":{"start":{"line":43,"column":18},"end":{"line":43,"column":56}},"37":{"start":{"line":44,"column":4},"end":{"line":44,"column":94}},"38":{"start":{"line":48,"column":4},"end":{"line":48,"column":100}},"39":{"start":{"line":51,"column":0},"end":{"line":51,"column":30}}},"fnMap":{"0":{"name":"(anonymous_0)","decl":{"start":{"line":4,"column":2},"end":{"line":4,"column":3}},"loc":{"start":{"line":4,"column":76},"end":{"line":8,"column":3}},"line":4},"1":{"name":"(anonymous_1)","decl":{"start":{"line":10,"column":2},"end":{"line":10,"column":3}},"loc":{"start":{"line":10,"column":41},"end":{"line":23,"column":3}},"line":10},"2":{"name":"(anonymous_2)","decl":{"start":{"line":13,"column":33},"end":{"line":13,"column":34}},"loc":{"start":{"line":13,"column":41},"end":{"line":17,"column":5}},"line":13},"3":{"name":"(anonymous_3)","decl":{"start":{"line":18,"column":42},"end":{"line":18,"column":43}},"loc":{"start":{"line":18,"column":54},"end":{"line":18,"column":80}},"line":18},"4":{"name":"(anonymous_4)","decl":{"start":{"line":25,"column":2},"end":{"line":25,"column":3}},"loc":{"start":{"line":25,"column":41},"end":{"line":25,"column":106}},"line":25},"5":{"name":"(anonymous_5)","decl":{"start":{"line":27,"column":2},"end":{"line":27,"column":3}},"loc":{"start":{"line":27,"column":24},"end":{"line":27,"column":74}},"line":27},"6":{"name":"(anonymous_6)","decl":{"start":{"line":29,"column":2},"end":{"line":29,"column":3}},"loc":{"start":{"line":29,"column":32},"end":{"line":37,"column":3}},"line":29},"7":{"name":"(anonymous_7)","decl":{"start":{"line":39,"column":2},"end":{"line":39,"column":3}},"loc":{"start":{"line":39,"column":18},"end":{"line":45,"column":3}},"line":39},"8":{"name":"(anonymous_8)","decl":{"start":{"line":47,"column":2},"end":{"line":47,"column":3}},"loc":{"start":{"line":47,"column":42},"end":{"line":49,"column":3}},"line":47}},"branchMap":{"0":{"loc":{"start":{"line":12,"column":4},"end":{"line":12,"column":52}},"type":"if","locations":[{"start":{"line":12,"column":4},"end":{"line":12,"column":52}},{"start":{},"end":{}}],"line":12},"1":{"loc":{"start":{"line":15,"column":6},"end":{"line":15,"column":53}},"type":"if","locations":[{"start":{"line":15,"column":6},"end":{"line":15,"column":53}},{"start":{},"end":{}}],"line":15},"2":{"loc":{"start":{"line":20,"column":4},"end":{"line":20,"column":96}},"type":"if","locations":[{"start":{"line":20,"column":4},"end":{"line":20,"column":96}},{"start":{},"end":{}}],"line":20},"3":{"loc":{"start":{"line":31,"column":4},"end":{"line":31,"column":45}},"type":"if","locations":[{"start":{"line":31,"column":4},"end":{"line":31,"column":45}},{"start":{},"end":{}}],"line":31},"4":{"loc":{"start":{"line":32,"column":4},"end":{"line":32,"column":88}},"type":"if","locations":[{"start":{"line":32,"column":4},"end":{"line":32,"column":88}},{"start":{},"end":{}}],"line":32},"5":{"loc":{"start":{"line":41,"column":4},"end":{"line":41,"column":45}},"type":"if","locations":[{"start":{"line":41,"column":4},"end":{"line":41,"column":45}},{"start":{},"end":{}}],"line":41},"6":{"loc":{"start":{"line":48,"column":11},"end":{"line":48,"column":99}},"type":"cond-expr","locations":[{"start":{"line":48,"column":35},"end":{"line":48,"column":94}},{"start":{"line":48,"column":97},"end":{"line":48,"column":99}}],"line":48}},"s":{"0":3,"1":51,"2":51,"3":51,"4":51,"5":51,"6":16,"7":16,"8":1,"9":15,"10":16,"11":16,"12":2,"13":14,"14":13,"15":14,"16":13,"17":13,"18":2,"19":13,"20":13,"21":2,"22":2,"23":9,"24":9,"25":2,"26":7,"27":2,"28":5,"29":5,"30":5,"31":5,"32":4,"33":4,"34":2,"35":2,"36":2,"37":2,"38":3,"39":3},"f":{"0":51,"1":16,"2":16,"3":14,"4":2,"5":2,"6":9,"7":4,"8":3},"b":{"0":[1,15],"1":[2,14],"2":[2,11],"3":[2,7],"4":[2,5],"5":[2,2],"6":[3,0]},"_coverageSchema":"1a1c01bbd47fc00a2c39e90264f33305004495a9","hash":"b264c13d9fe97863900ec4f183bd63ccad36848f"}
,"/Users/chrislee/Git/chustard/server/src/services/TableService.js": {"path":"/Users/chrislee/Git/chustard/server/src/services/TableService.js","statementMap":{"0":{"start":{"line":1,"column":15},"end":{"line":1,"column":34}},"1":{"start":{"line":5,"column":4},"end":{"line":5,"column":31}},"2":{"start":{"line":5,"column":32},"end":{"line":5,"column":59}},"3":{"start":{"line":6,"column":4},"end":{"line":6,"column":45}},"4":{"start":{"line":6,"column":46},"end":{"line":6,"column":75}},"5":{"start":{"line":10,"column":4},"end":{"line":10,"column":103}},"6":{"start":{"line":10,"column":67},"end":{"line":10,"column":103}},"7":{"start":{"line":11,"column":25},"end":{"line":11,"column":54}},"8":{"start":{"line":12,"column":4},"end":{"line":12,"column":73}},"9":{"start":{"line":15,"column":23},"end":{"line":15,"column":69}},"10":{"start":{"line":18,"column":18},"end":{"line":18,"column":45}},"11":{"start":{"line":19,"column":4},"end":{"line":19,"column":45}},"12":{"start":{"line":19,"column":16},"end":{"line":19,"column":45}},"13":{"start":{"line":20,"column":19},"end":{"line":20,"column":86}},"14":{"start":{"line":21,"column":24},"end":{"line":21,"column":73}},"15":{"start":{"line":21,"column":50},"end":{"line":21,"column":69}},"16":{"start":{"line":22,"column":4},"end":{"line":25,"column":7}},"17":{"start":{"line":26,"column":4},"end":{"line":26,"column":69}},"18":{"start":{"line":27,"column":4},"end":{"line":27,"column":61}},"19":{"start":{"line":28,"column":4},"end":{"line":28,"column":97}},"20":{"start":{"line":31,"column":0},"end":{"line":31,"column":30}}},"fnMap":{"0":{"name":"(anonymous_0)","decl":{"start":{"line":4,"column":2},"end":{"line":4,"column":3}},"loc":{"start":{"line":4,"column":66},"end":{"line":7,"column":3}},"line":4},"1":{"name":"(anonymous_1)","decl":{"start":{"line":9,"column":2},"end":{"line":9,"column":3}},"loc":{"start":{"line":9,"column":46},"end":{"line":13,"column":3}},"line":9},"2":{"name":"(anonymous_2)","decl":{"start":{"line":15,"column":2},"end":{"line":15,"column":3}},"loc":{"start":{"line":15,"column":21},"end":{"line":15,"column":71}},"line":15},"3":{"name":"(anonymous_3)","decl":{"start":{"line":17,"column":2},"end":{"line":17,"column":3}},"loc":{"start":{"line":17,"column":20},"end":{"line":29,"column":3}},"line":17},"4":{"name":"(anonymous_4)","decl":{"start":{"line":21,"column":38},"end":{"line":21,"column":39}},"loc":{"start":{"line":21,"column":50},"end":{"line":21,"column":69}},"line":21}},"branchMap":{"0":{"loc":{"start":{"line":10,"column":4},"end":{"line":10,"column":103}},"type":"if","locations":[{"start":{"line":10,"column":4},"end":{"line":10,"column":103}},{"start":{},"end":{}}],"line":10},"1":{"loc":{"start":{"line":19,"column":4},"end":{"line":19,"column":45}},"type":"if","locations":[{"start":{"line":19,"column":4},"end":{"line":19,"column":45}},{"start":{},"end":{}}],"line":19}},"s":{"0":3,"1":42,"2":42,"3":42,"4":42,"5":6,"6":2,"7":4,"8":4,"9":1,"10":5,"11":5,"12":2,"13":3,"14":3,"15":2,"16":3,"17":3,"18":3,"19":3,"20":3},"f":{"0":42,"1":6,"2":1,"3":5,"4":2},"b":{"0":[2,4],"1":[2,3]},"_coverageSchema":"1a1c01bbd47fc00a2c39e90264f33305004495a9","hash":"b81968f938a9b48e18d8bd12e31652f300b777a5"}
,"/Users/chrislee/Git/chustard/server/src/sse/SSEService.js": {"path":"/Users/chrislee/Git/chustard/server/src/sse/SSEService.js","statementMap":{"0":{"start":{"line":2,"column":18},"end":{"line":2,"column":43}},"1":{"start":{"line":5,"column":4},"end":{"line":5,"column":56}},"2":{"start":{"line":6,"column":4},"end":{"line":6,"column":55}},"3":{"start":{"line":6,"column":26},"end":{"line":6,"column":53}},"4":{"start":{"line":9,"column":27},"end":{"line":9,"column":57}},"5":{"start":{"line":12,"column":20},"end":{"line":12,"column":72}},"6":{"start":{"line":13,"column":4},"end":{"line":16,"column":5}},"7":{"start":{"line":14,"column":6},"end":{"line":15,"column":97}},"8":{"start":{"line":14,"column":66},"end":{"line":14,"column":92}},"9":{"start":{"line":15,"column":11},"end":{"line":15,"column":97}},"10":{"start":{"line":15,"column":71},"end":{"line":15,"column":97}},"11":{"start":{"line":19,"column":0},"end":{"line":19,"column":28}}},"fnMap":{"0":{"name":"(anonymous_0)","decl":{"start":{"line":2,"column":2},"end":{"line":2,"column":3}},"loc":{"start":{"line":2,"column":16},"end":{"line":2,"column":45}},"line":2},"1":{"name":"(anonymous_1)","decl":{"start":{"line":4,"column":2},"end":{"line":4,"column":3}},"loc":{"start":{"line":4,"column":43},"end":{"line":7,"column":3}},"line":4},"2":{"name":"(anonymous_2)","decl":{"start":{"line":6,"column":20},"end":{"line":6,"column":21}},"loc":{"start":{"line":6,"column":26},"end":{"line":6,"column":53}},"line":6},"3":{"name":"(anonymous_3)","decl":{"start":{"line":9,"column":2},"end":{"line":9,"column":3}},"loc":{"start":{"line":9,"column":25},"end":{"line":9,"column":59}},"line":9},"4":{"name":"(anonymous_4)","decl":{"start":{"line":11,"column":2},"end":{"line":11,"column":3}},"loc":{"start":{"line":11,"column":43},"end":{"line":17,"column":3}},"line":11}},"branchMap":{"0":{"loc":{"start":{"line":14,"column":6},"end":{"line":15,"column":97}},"type":"if","locations":[{"start":{"line":14,"column":6},"end":{"line":15,"column":97}},{"start":{"line":15,"column":11},"end":{"line":15,"column":97}}],"line":14},"1":{"loc":{"start":{"line":14,"column":10},"end":{"line":14,"column":64}},"type":"binary-expr","locations":[{"start":{"line":14,"column":10},"end":{"line":14,"column":33}},{"start":{"line":14,"column":37},"end":{"line":14,"column":64}}],"line":14},"2":{"loc":{"start":{"line":15,"column":11},"end":{"line":15,"column":97}},"type":"if","locations":[{"start":{"line":15,"column":11},"end":{"line":15,"column":97}},{"start":{},"end":{}}],"line":15},"3":{"loc":{"start":{"line":15,"column":15},"end":{"line":15,"column":69}},"type":"binary-expr","locations":[{"start":{"line":15,"column":15},"end":{"line":15,"column":38}},{"start":{"line":15,"column":42},"end":{"line":15,"column":69}}],"line":15}},"s":{"0":56,"1":5,"2":5,"3":0,"4":1,"5":13,"6":13,"7":3,"8":1,"9":2,"10":1,"11":5},"f":{"0":56,"1":5,"2":0,"3":1,"4":13},"b":{"0":[1,2],"1":[3,1],"2":[1,1],"3":[2,2]},"_coverageSchema":"1a1c01bbd47fc00a2c39e90264f33305004495a9","hash":"78a182b17617cd129b1b3c13f34eed2cf9b63f80"}
}
