TN:
SF:src/app.js
FN:16,createApp
FN:33,(anonymous_1)
FN:40,(anonymous_2)
FN:44,(anonymous_3)
FN:48,(anonymous_4)
FN:56,(anonymous_5)
FN:59,(anonymous_6)
FN:63,(anonymous_7)
FN:66,(anonymous_8)
FN:70,(anonymous_9)
FN:74,(anonymous_10)
FN:77,(anonymous_11)
FN:80,(anonymous_12)
FN:84,(anonymous_13)
FN:88,(anonymous_14)
FN:93,(anonymous_15)
FN:97,(anonymous_16)
FN:100,(anonymous_17)
FN:103,(anonymous_18)
FN:107,(anonymous_19)
FN:111,(anonymous_20)
FN:116,(anonymous_21)
FN:120,(anonymous_22)
FN:123,(anonymous_23)
FN:129,(anonymous_24)
FN:136,(anonymous_25)
FNF:26
FNH:24
FNDA:38,createApp
FNDA:12,(anonymous_1)
FNDA:3,(anonymous_2)
FNDA:2,(anonymous_3)
FNDA:2,(anonymous_4)
FNDA:2,(anonymous_5)
FNDA:1,(anonymous_6)
FNDA:1,(anonymous_7)
FNDA:2,(anonymous_8)
FNDA:2,(anonymous_9)
FNDA:1,(anonymous_10)
FNDA:1,(anonymous_11)
FNDA:2,(anonymous_12)
FNDA:2,(anonymous_13)
FNDA:0,(anonymous_14)
FNDA:7,(anonymous_15)
FNDA:2,(anonymous_16)
FNDA:2,(anonymous_17)
FNDA:5,(anonymous_18)
FNDA:2,(anonymous_19)
FNDA:2,(anonymous_20)
FNDA:2,(anonymous_21)
FNDA:1,(anonymous_22)
FNDA:3,(anonymous_23)
FNDA:1,(anonymous_24)
FNDA:0,(anonymous_25)
DA:1,2
DA:2,2
DA:3,2
DA:4,2
DA:5,2
DA:6,2
DA:7,2
DA:8,2
DA:9,2
DA:10,2
DA:11,2
DA:12,2
DA:13,2
DA:14,2
DA:17,38
DA:18,38
DA:19,38
DA:21,38
DA:22,38
DA:23,38
DA:24,38
DA:25,38
DA:26,38
DA:27,38
DA:28,38
DA:29,38
DA:30,38
DA:31,38
DA:33,38
DA:34,12
DA:35,12
DA:36,12
DA:40,38
DA:41,3
DA:42,1
DA:44,38
DA:45,2
DA:46,0
DA:48,38
DA:49,2
DA:50,2
DA:51,2
DA:52,1
DA:56,38
DA:57,2
DA:59,38
DA:60,1
DA:61,0
DA:63,38
DA:64,1
DA:66,38
DA:67,2
DA:68,1
DA:70,38
DA:71,2
DA:72,1
DA:74,38
DA:75,1
DA:77,38
DA:78,1
DA:80,38
DA:81,2
DA:82,1
DA:84,38
DA:85,2
DA:86,1
DA:88,38
DA:89,0
DA:93,38
DA:94,7
DA:95,1
DA:97,38
DA:98,2
DA:100,38
DA:101,2
DA:103,38
DA:104,5
DA:105,2
DA:107,38
DA:108,2
DA:109,1
DA:111,38
DA:112,2
DA:116,38
DA:117,2
DA:118,1
DA:120,38
DA:121,1
DA:123,38
DA:124,3
DA:125,1
DA:129,38
DA:130,1
DA:131,1
DA:132,1
DA:133,1
DA:134,1
DA:135,1
DA:136,1
DA:139,38
DA:142,2
LF:101
LH:98
BRDA:35,0,0,12
BRDA:35,0,1,0
BRDA:101,1,0,2
BRDA:101,1,1,0
BRDA:117,2,0,2
BRDA:117,2,1,0
BRDA:121,3,0,1
BRDA:121,3,1,0
BRDA:133,4,0,1
BRDA:133,4,1,0
BRDA:133,5,0,1
BRDA:133,5,1,0
BRF:12
BRH:6
end_of_record
TN:
SF:src/db/index.js
FN:7,getDb
FN:18,closeDb
FN:22,getTestDb
FNF:3
FNH:1
FNDA:0,getDb
FNDA:0,closeDb
FNDA:112,getTestDb
DA:1,13
DA:2,13
DA:3,13
DA:8,0
DA:9,0
DA:10,0
DA:11,0
DA:12,0
DA:13,0
DA:15,0
DA:19,0
DA:23,112
DA:24,112
DA:25,112
DA:26,112
DA:27,112
DA:30,13
LF:17
LH:9
BRDA:8,0,0,0
BRDA:8,0,1,0
BRDA:9,1,0,0
BRDA:9,1,1,0
BRDA:19,2,0,0
BRDA:19,2,1,0
BRF:6
BRH:0
end_of_record
TN:
SF:src/middleware/auth.js
FN:4,authMiddleware
FN:5,(anonymous_1)
FNF:2
FNH:2
FNDA:727,authMiddleware
FNDA:47,(anonymous_1)
DA:1,4
DA:2,4
DA:5,727
DA:6,47
DA:7,47
DA:8,44
DA:9,44
DA:10,43
DA:11,2
DA:13,41
DA:14,41
DA:16,1
DA:21,4
LF:13
LH:13
BRDA:2,0,0,4
BRDA:2,0,1,4
BRDA:7,1,0,3
BRDA:7,1,1,44
BRDA:10,2,0,2
BRDA:10,2,1,41
BRDA:10,3,0,43
BRDA:10,3,1,41
BRF:8
BRH:8
end_of_record
TN:
SF:src/repositories/AdminRepository.js
FN:2,(anonymous_0)
FN:4,(anonymous_1)
FN:8,(anonymous_2)
FNF:3
FNH:3
FNDA:54,(anonymous_0)
FNDA:17,(anonymous_1)
FNDA:13,(anonymous_2)
DA:2,54
DA:5,17
DA:9,13
DA:12,4
LF:4
LH:4
BRDA:5,0,0,17
BRDA:5,0,1,3
BRF:2
BRH:2
end_of_record
TN:
SF:src/repositories/CategoryRepository.js
FN:4,(anonymous_0)
FN:6,(anonymous_1)
FN:10,(anonymous_2)
FN:14,(anonymous_3)
FN:21,(anonymous_4)
FN:26,(anonymous_5)
FN:30,(anonymous_6)
FN:32,(anonymous_7)
FN:36,(anonymous_8)
FNF:9
FNH:9
FNDA:56,(anonymous_0)
FNDA:2,(anonymous_1)
FNDA:17,(anonymous_2)
FNDA:11,(anonymous_3)
FNDA:2,(anonymous_4)
FNDA:3,(anonymous_5)
FNDA:3,(anonymous_6)
FNDA:3,(anonymous_7)
FNDA:5,(anonymous_8)
DA:1,4
DA:4,56
DA:7,2
DA:11,17
DA:15,11
DA:16,11
DA:17,11
DA:18,11
DA:22,2
DA:23,2
DA:27,3
DA:31,3
DA:32,5
DA:33,3
DA:37,5
DA:40,4
LF:16
LH:16
BRDA:11,0,0,17
BRDA:11,0,1,3
BRDA:16,1,0,11
BRDA:16,1,1,9
BRF:4
BRH:4
end_of_record
TN:
SF:src/repositories/MenuRepository.js
FN:4,(anonymous_0)
FN:6,(anonymous_1)
FN:8,(anonymous_2)
FN:14,(anonymous_3)
FN:18,(anonymous_4)
FN:25,(anonymous_5)
FN:32,(anonymous_6)
FN:36,(anonymous_7)
FN:38,(anonymous_8)
FN:42,(anonymous_9)
FNF:10
FNH:10
FNDA:72,(anonymous_0)
FNDA:9,(anonymous_1)
FNDA:9,(anonymous_2)
FNDA:49,(anonymous_3)
FNDA:15,(anonymous_4)
FNDA:4,(anonymous_5)
FNDA:3,(anonymous_6)
FNDA:3,(anonymous_7)
FNDA:3,(anonymous_8)
FNDA:9,(anonymous_9)
DA:1,5
DA:4,72
DA:7,9
DA:8,9
DA:15,49
DA:19,15
DA:20,15
DA:21,15
DA:22,15
DA:26,4
DA:27,4
DA:28,4
DA:29,4
DA:33,3
DA:37,3
DA:38,5
DA:39,3
DA:43,9
DA:44,9
DA:47,5
LF:20
LH:20
BRDA:15,0,0,49
BRDA:15,0,1,8
BRDA:20,1,0,14
BRDA:20,2,0,15
BRDA:20,3,0,14
BRDA:20,4,0,7
BRDA:27,5,0,0
BRDA:27,6,0,3
BRDA:27,7,0,4
BRDA:27,8,0,4
BRDA:27,9,0,1
BRDA:27,10,0,4
BRDA:27,11,0,4
BRDA:44,12,0,9
BRDA:44,12,1,5
BRF:15
BRH:14
end_of_record
TN:
SF:src/repositories/OrderHistoryRepository.js
FN:4,(anonymous_0)
FN:6,(anonymous_1)
FN:12,(anonymous_2)
FNF:3
FNH:3
FNDA:47,(anonymous_0)
FNDA:9,(anonymous_1)
FNDA:7,(anonymous_2)
DA:1,5
DA:4,47
DA:7,9
DA:8,9
DA:9,9
DA:13,7
DA:14,7
DA:15,7
DA:16,7
DA:17,7
DA:18,7
DA:21,5
LF:12
LH:12
BRDA:15,0,0,1
BRDA:15,0,1,6
BRDA:16,1,0,2
BRDA:16,1,1,5
BRF:4
BRH:4
end_of_record
TN:
SF:src/repositories/OrderRepository.js
FN:4,(anonymous_0)
FN:6,(anonymous_1)
FN:14,(anonymous_2)
FN:21,(anonymous_3)
FN:23,(anonymous_4)
FN:26,(anonymous_5)
FN:28,(anonymous_6)
FN:30,(anonymous_7)
FN:31,(anonymous_8)
FN:36,(anonymous_9)
FN:40,(anonymous_10)
FN:44,(anonymous_11)
FNF:12
FNH:12
FNDA:62,(anonymous_0)
FNDA:21,(anonymous_1)
FNDA:36,(anonymous_2)
FNDA:6,(anonymous_3)
FNDA:5,(anonymous_4)
FNDA:3,(anonymous_5)
FNDA:3,(anonymous_6)
FNDA:2,(anonymous_7)
FNDA:2,(anonymous_8)
FNDA:6,(anonymous_9)
FNDA:4,(anonymous_10)
FNDA:4,(anonymous_11)
DA:1,5
DA:4,62
DA:7,21
DA:8,21
DA:9,21
DA:10,22
DA:11,21
DA:15,36
DA:16,36
DA:17,32
DA:18,32
DA:22,6
DA:23,6
DA:27,3
DA:28,3
DA:29,3
DA:30,3
DA:31,3
DA:32,3
DA:37,6
DA:41,4
DA:45,4
DA:46,4
DA:47,4
DA:50,5
LF:25
LH:25
BRDA:16,0,0,4
BRDA:16,0,1,32
BRF:2
BRH:2
end_of_record
TN:
SF:src/repositories/TableRepository.js
FN:4,(anonymous_0)
FN:6,(anonymous_1)
FN:10,(anonymous_2)
FN:14,(anonymous_3)
FN:18,(anonymous_4)
FN:24,(anonymous_5)
FNF:6
FNH:6
FNDA:72,(anonymous_0)
FNDA:13,(anonymous_1)
FNDA:38,(anonymous_2)
FNDA:2,(anonymous_3)
FNDA:9,(anonymous_4)
FNDA:8,(anonymous_5)
DA:1,6
DA:4,72
DA:7,13
DA:11,38
DA:15,2
DA:19,9
DA:20,9
DA:21,9
DA:25,8
DA:28,6
LF:10
LH:10
BRDA:7,0,0,13
BRDA:7,0,1,5
BRDA:11,1,0,38
BRDA:11,1,1,3
BRF:4
BRH:4
end_of_record
TN:
SF:src/services/AuthService.js
FN:7,(anonymous_0)
FN:9,(anonymous_1)
FN:25,(anonymous_2)
FN:37,(anonymous_3)
FNF:4
FNH:4
FNDA:51,(anonymous_0)
FNDA:15,(anonymous_1)
FNDA:6,(anonymous_2)
FNDA:4,(anonymous_3)
DA:1,3
DA:2,3
DA:3,3
DA:4,3
DA:7,51
DA:10,15
DA:11,15
DA:12,13
DA:13,12
DA:14,8
DA:15,8
DA:16,8
DA:17,8
DA:18,7
DA:20,4
DA:21,4
DA:22,4
DA:26,6
DA:27,6
DA:28,4
DA:29,4
DA:30,2
DA:31,2
DA:33,4
DA:34,4
DA:38,4
DA:39,4
DA:40,2
DA:41,2
DA:44,3
LF:30
LH:30
BRDA:11,0,0,2
BRDA:11,0,1,13
BRDA:12,1,0,1
BRDA:12,1,1,12
BRDA:12,2,0,13
BRDA:12,2,1,1
BRDA:13,3,0,8
BRDA:13,3,1,4
BRDA:15,4,0,1
BRDA:15,4,1,7
BRDA:17,5,0,1
BRDA:17,5,1,7
BRDA:27,6,0,2
BRDA:27,6,1,4
BRDA:27,7,0,6
BRDA:27,7,1,5
BRDA:29,8,0,2
BRDA:29,8,1,2
BRDA:40,9,0,2
BRDA:40,9,1,2
BRF:20
BRH:20
end_of_record
TN:
SF:src/services/MenuService.js
FN:2,(anonymous_0)
FN:4,(anonymous_1)
FN:6,(anonymous_2)
FN:11,(anonymous_3)
FN:16,(anonymous_4)
FN:21,(anonymous_5)
FN:22,(anonymous_6)
FN:25,(anonymous_7)
FN:27,(anonymous_8)
FN:32,(anonymous_9)
FN:37,(anonymous_10)
FN:38,(anonymous_11)
FNF:12
FNH:12
FNDA:50,(anonymous_0)
FNDA:7,(anonymous_1)
FNDA:7,(anonymous_2)
FNDA:4,(anonymous_3)
FNDA:4,(anonymous_4)
FNDA:2,(anonymous_5)
FNDA:3,(anonymous_6)
FNDA:3,(anonymous_7)
FNDA:3,(anonymous_8)
FNDA:4,(anonymous_9)
FNDA:2,(anonymous_10)
FNDA:3,(anonymous_11)
DA:2,50
DA:4,7
DA:7,7
DA:8,7
DA:12,4
DA:13,2
DA:17,4
DA:18,2
DA:22,3
DA:25,3
DA:28,3
DA:29,1
DA:33,4
DA:34,2
DA:38,3
DA:41,3
LF:16
LH:16
BRDA:12,0,0,2
BRDA:12,0,1,2
BRDA:17,1,0,2
BRDA:17,1,1,2
BRDA:28,2,0,2
BRDA:28,2,1,1
BRDA:33,3,0,2
BRDA:33,3,1,2
BRF:8
BRH:8
end_of_record
TN:
SF:src/services/OrderService.js
FN:4,(anonymous_0)
FN:10,(anonymous_1)
FN:13,(anonymous_2)
FN:18,(anonymous_3)
FN:25,(anonymous_4)
FN:27,(anonymous_5)
FN:29,(anonymous_6)
FN:39,(anonymous_7)
FN:47,(anonymous_8)
FNF:9
FNH:9
FNDA:51,(anonymous_0)
FNDA:16,(anonymous_1)
FNDA:16,(anonymous_2)
FNDA:14,(anonymous_3)
FNDA:2,(anonymous_4)
FNDA:2,(anonymous_5)
FNDA:9,(anonymous_6)
FNDA:4,(anonymous_7)
FNDA:3,(anonymous_8)
DA:1,3
DA:5,51
DA:6,51
DA:7,51
DA:11,16
DA:12,16
DA:13,15
DA:14,16
DA:15,16
DA:16,14
DA:18,14
DA:19,13
DA:20,13
DA:21,13
DA:22,13
DA:25,2
DA:27,2
DA:30,9
DA:31,9
DA:32,7
DA:33,5
DA:34,5
DA:35,5
DA:36,5
DA:40,4
DA:41,4
DA:42,2
DA:43,2
DA:44,2
DA:48,3
DA:51,3
LF:31
LH:31
BRDA:12,0,0,1
BRDA:12,0,1,15
BRDA:15,1,0,2
BRDA:15,1,1,14
BRDA:20,2,0,2
BRDA:20,2,1,11
BRDA:31,3,0,2
BRDA:31,3,1,7
BRDA:32,4,0,2
BRDA:32,4,1,5
BRDA:41,5,0,2
BRDA:41,5,1,2
BRDA:48,6,0,3
BRDA:48,6,1,0
BRF:14
BRH:13
end_of_record
TN:
SF:src/services/TableService.js
FN:4,(anonymous_0)
FN:9,(anonymous_1)
FN:15,(anonymous_2)
FN:17,(anonymous_3)
FN:21,(anonymous_4)
FNF:5
FNH:5
FNDA:42,(anonymous_0)
FNDA:6,(anonymous_1)
FNDA:1,(anonymous_2)
FNDA:5,(anonymous_3)
FNDA:2,(anonymous_4)
DA:1,3
DA:5,42
DA:6,42
DA:10,6
DA:11,4
DA:12,4
DA:15,1
DA:18,5
DA:19,5
DA:20,3
DA:21,3
DA:22,3
DA:26,3
DA:27,3
DA:28,3
DA:31,3
LF:16
LH:16
BRDA:10,0,0,2
BRDA:10,0,1,4
BRDA:19,1,0,2
BRDA:19,1,1,3
BRF:4
BRH:4
end_of_record
TN:
SF:src/sse/SSEService.js
FN:2,(anonymous_0)
FN:4,(anonymous_1)
FN:6,(anonymous_2)
FN:9,(anonymous_3)
FN:11,(anonymous_4)
FNF:5
FNH:4
FNDA:56,(anonymous_0)
FNDA:5,(anonymous_1)
FNDA:0,(anonymous_2)
FNDA:1,(anonymous_3)
FNDA:13,(anonymous_4)
DA:2,56
DA:5,5
DA:6,5
DA:9,1
DA:12,13
DA:13,13
DA:14,3
DA:15,2
DA:19,5
LF:9
LH:9
BRDA:14,0,0,1
BRDA:14,0,1,2
BRDA:14,1,0,3
BRDA:14,1,1,1
BRDA:15,2,0,1
BRDA:15,2,1,1
BRDA:15,3,0,2
BRDA:15,3,1,2
BRF:8
BRH:8
end_of_record
